#
# A fatal error has been detected by the Java Runtime Environment:
#
#  EXCEPTION_ACCESS_VIOLATION (0xc0000005) at pc=0x00007ffeea0627c7, pid=17896, tid=49312
#
# JRE version: OpenJDK Runtime Environment Temurin-21.0.3+9 (21.0.3+9) (build 21.0.3+9-LTS)
# Java VM: OpenJDK 64-Bit Server VM Temurin-21.0.3+9 (21.0.3+9-LTS, mixed mode, tiered, compressed oops, compressed class ptrs, g1 gc, windows-amd64)
# Problematic frame:
# V  [jvm.dll+0x3b27c7]
#
# No core dump will be written. Minidumps are not enabled by default on client versions of Windows
#
# If you would like to submit a bug report, please visit:
#   https://github.com/adoptium/adoptium-support/issues
#

---------------  S U M M A R Y ------------

Command Line: -Djavax.net.ssl.trustStoreType=WINDOWS-ROOT -Dsun.java2d.d3d=false --add-exports=java.desktop/sun.awt=ALL-UNNAMED --add-opens=java.desktop/java.awt=ALL-UNNAMED com.st.microxplorer.maingui.STM32CubeMX C:\Users\User\Desktop\RMX\lab RMX\FRA271_Lab1_Sensors-main\Encoder_reader\Encoder_reader.ioc

Host: Intel(R) Core(TM) i7-14700HX, 28 cores, 63G,  Windows 11 , 64 bit Build 26100 (10.0.26100.5074)
Time: Tue Oct 14 18:12:18 2025 SE Asia Standard Time elapsed time: 9.635347 seconds (0d 0h 0m 9s)

---------------  T H R E A D  ---------------

Current thread (0x0000025eed037f10):  JavaThread "C2 CompilerThread0" daemon [_thread_in_native, id=49312, stack(0x00000067a9700000,0x00000067a9800000) (1024K)]


Current CompileTask:
C2:   9635 10742   !   4       com.st.microxplorer.mcufinder.db.ApiDb::getAttributeString (69 bytes)

Stack: [0x00000067a9700000,0x00000067a9800000],  sp=0x00000067a97fccb0,  free space=1011k
Native frames: (J=compiled Java code, j=interpreted, Vv=VM code, C=native code)
V  [jvm.dll+0x3b27c7]
V  [jvm.dll+0x3b1e03]
V  [jvm.dll+0x1df411]
V  [jvm.dll+0x246b12]
V  [jvm.dll+0x245f9f]
V  [jvm.dll+0x1c6f4e]
V  [jvm.dll+0x255719]
V  [jvm.dll+0x253cba]
V  [jvm.dll+0x3ec1e6]
V  [jvm.dll+0x84bf8b]
V  [jvm.dll+0x6c6dcd]
C  [ucrtbase.dll+0x37b0]
C  [KERNEL32.DLL+0x2e8d7]
C  [ntdll.dll+0x8d9c]


siginfo: EXCEPTION_ACCESS_VIOLATION (0xc0000005), writing address 0x0000000000000000


Registers:
RAX=0x0000000000000000, RBX=0x0000025efaa2dc10, RCX=0x0000000000000001, RDX=0x100000b0000000de
RSP=0x00000067a97fccb0, RBP=0x00000067a97fceb0, RSI=0x0000000000000057, RDI=0x0000025efaa2fdc0
R8 =0x0000000000000026, R9 =0x0000000000800004, R10=0x0000000000000000, R11=0x0000000000000000
R12=0x0000025ef9548290, R13=0x0000000000000008, R14=0x00000067a97fd250, R15=0x0000000000000000
RIP=0x00007ffeea0627c7, EFLAGS=0x0000000000010202


Register to memory mapping:

RAX=0x0 is null
RBX=0x0000025efaa2dc10 points into unknown readable memory: 0x0000000000000000 | 00 00 00 00 00 00 00 00
RCX=0x0000000000000001 is an unknown value
RDX=0x100000b0000000de is an unknown value
RSP=0x00000067a97fccb0 is pointing into the stack for thread: 0x0000025eed037f10
RBP=0x00000067a97fceb0 is pointing into the stack for thread: 0x0000025eed037f10
RSI=0x0000000000000057 is an unknown value
RDI=0x0000025efaa2fdc0 points into unknown readable memory: 0x0000000000000000 | 00 00 00 00 00 00 00 00
R8 =0x0000000000000026 is an unknown value
R9 =0x0000000000800004 is an unknown value
R10=0x0 is null
R11=0x0 is null
R12=0x0000025ef9548290 points into unknown readable memory: 0x00007ffeea690868 | 68 08 69 ea fe 7f 00 00
R13=0x0000000000000008 is an unknown value
R14=0x00000067a97fd250 is pointing into the stack for thread: 0x0000025eed037f10
R15=0x0 is null

Top of Stack: (sp=0x00000067a97fccb0)
0x00000067a97fccb0:   0000025ef6259c58 0000000000000000
0x00000067a97fccc0:   0000000000000057 0000025efaf9e7c0
0x00000067a97fccd0:   0000000000800004 0000000100000026
0x00000067a97fcce0:   0000000100000001 0000025efaf9fee0
0x00000067a97fccf0:   0000025ef9587bc0 0000025ef9587bb0
0x00000067a97fcd00:   0000000000000057 00000067a97fd250
0x00000067a97fcd10:   0000025ef9587bb0 00007ffeea061e03
0x00000067a97fcd20:   0000025ef6259c58 0000000000000000
0x00000067a97fcd30:   0000000000000001 00007ffe00000000
0x00000067a97fcd40:   0000025ef6060000 0000000000000000
0x00000067a97fcd50:   0000025ef4b4d230 0000000000067200
0x00000067a97fcd60:   0000025ef4b4d8f8 00007ffeea6db360
0x00000067a97fcd70:   0000000000000000 0000000000000000
0x00000067a97fcd80:   0000000000000000 00007ffeea6db360
0x00000067a97fcd90:   0000000000013a00 0000025ef6227620
0x00000067a97fcda0:   0000025ef6227620 0000000000000001
0x00000067a97fcdb0:   0000025ef6227630 00000000000003d8
0x00000067a97fcdc0:   0000025ef6227a08 00000067a97fcee0
0x00000067a97fcdd0:   00000067a97fd330 00007ffee9e8f411
0x00000067a97fcde0:   0000006700000023 0000025ef9548290
0x00000067a97fcdf0:   00000067a97fd250 0000025ef7f6e680
0x00000067a97fce00:   0000025e00000000 0000000000000000
0x00000067a97fce10:   0000000000000007 0000025ef6227620
0x00000067a97fce20:   0000025ef7f6e670 0000025ef7f71720
0x00000067a97fce30:   0000025ef7f76658 000000000003e308
0x00000067a97fce40:   0000025ef6227630 0000000000000000
0x00000067a97fce50:   0000000000000000 0000000000000000
0x00000067a97fce60:   0000000000000010 000000000000c000
0x00000067a97fce70:   0000025eed034ee0 00007ffeea6a4e80
0x00000067a97fce80:   0000000000000000 00000067a97fe730
0x00000067a97fce90:   0000000000000000 00007ffeea6a4e80
0x00000067a97fcea0:   0000000000007f00 00007ffee9d7498e 

Instructions: (pc=0x00007ffeea0627c7)
0x00007ffeea0626c7:   58 0f 11 41 68 0f 11 41 78 66 48 0f d6 81 88 00
0x00007ffeea0626d7:   00 00 c7 81 98 00 00 00 c0 02 00 00 49 83 ee 01
0x00007ffeea0626e7:   75 97 48 8b 74 24 40 48 8b 5c 24 48 48 8b 6c 24
0x00007ffeea0626f7:   50 48 83 c4 20 41 5f 41 5e 5f c3 cc cc cc cc cc
0x00007ffeea062707:   cc cc cc cc cc cc cc cc cc 4c 8b dc 56 41 56 48
0x00007ffeea062717:   83 ec 58 41 83 38 00 4c 8b f1 8b f2 0f 84 5f 01
0x00007ffeea062727:   00 00 48 8b 41 70 41 8b 48 04 49 89 7b 18 48 69
0x00007ffeea062737:   fe b0 00 00 00 4d 89 7b e8 45 33 ff 48 03 78 20
0x00007ffeea062747:   49 8b 40 08 4d 89 7b b8 45 89 7b c0 49 c7 43 c4
0x00007ffeea062757:   04 00 00 00 89 4c 24 34 4d 89 7b d0 49 89 43 d8
0x00007ffeea062767:   4d 89 43 e0 85 c9 0f 84 08 01 00 00 49 8d 4b b8
0x00007ffeea062777:   e8 04 4d 00 00 44 8b c0 85 c0 0f 84 f4 00 00 00
0x00007ffeea062787:   4c 8b 4c 24 20 48 89 5c 24 70 48 89 6c 24 78 49
0x00007ffeea062797:   8b 6e 70 4d 8b d7 41 8b c0 48 69 d8 b0 00 00 00
0x00007ffeea0627a7:   48 03 5d 20 44 8b 9b 94 00 00 00 44 39 9f 94 00
0x00007ffeea0627b7:   00 00 8b 83 90 00 00 00 44 0f 42 9f 94 00 00 00
0x00007ffeea0627c7:   39 87 90 00 00 00 0f 47 87 90 00 00 00 41 3b c3
0x00007ffeea0627d7:   77 47 0f 1f 80 00 00 00 00 48 8b 54 c3 38 48 23
0x00007ffeea0627e7:   54 c7 38 ff c0 4c 0b d2 41 3b c3 76 ec 4d 85 d2
0x00007ffeea0627f7:   74 27 48 8b c6 41 3b f0 73 06 41 8b c0 44 8b c6
0x00007ffeea062807:   48 8d 0c 80 41 8b d0 48 c1 e1 05 48 03 4d 10 e8
0x00007ffeea062817:   05 fa e2 ff 4c 8b 4c 24 20 4d 85 c9 74 20 44 8b
0x00007ffeea062827:   44 24 28 49 0f bc c1 8b c8 49 d3 e9 49 ff c9 44
0x00007ffeea062837:   03 c0 4c 89 4c 24 20 44 89 44 24 28 eb 23 83 7c
0x00007ffeea062847:   24 2c 04 72 0a 8b 44 24 34 39 44 24 30 73 1b 48
0x00007ffeea062857:   8d 4c 24 20 e8 20 4c 00 00 4c 8b 4c 24 20 44 8b
0x00007ffeea062867:   c0 45 85 c0 0f 85 25 ff ff ff 48 8b 6c 24 78 48
0x00007ffeea062877:   8b 5c 24 70 48 8b bc 24 80 00 00 00 4c 8b 7c 24
0x00007ffeea062887:   50 48 83 c4 58 41 5e 5e c3 48 89 5c 24 08 48 89
0x00007ffeea062897:   74 24 10 57 48 83 ec 20 49 8d 49 38 49 8b f9 41
0x00007ffeea0628a7:   8b f0 e8 82 35 36 00 84 c0 0f 84 ad 00 00 00 83
0x00007ffeea0628b7:   bf 98 00 00 00 00 0f 84 a0 00 00 00 f6 87 a8 00 


Stack slot to memory mapping:

stack at sp + 0 slots: 0x0000025ef6259c58 points into unknown readable memory: 0x00007ffeea6467b0 | b0 67 64 ea fe 7f 00 00
stack at sp + 1 slots: 0x0 is null
stack at sp + 2 slots: 0x0000000000000057 is an unknown value
stack at sp + 3 slots: 0x0000025efaf9e7c0 points into unknown readable memory: 0x00000000000000c0 | c0 00 00 00 00 00 00 00
stack at sp + 4 slots: 0x0000000000800004 is an unknown value
stack at sp + 5 slots: 0x0000000100000026 is an unknown value
stack at sp + 6 slots: 0x0000000100000001 is an unknown value
stack at sp + 7 slots: 0x0000025efaf9fee0 points into unknown readable memory: 0x20000160000001be | be 01 00 00 60 01 00 20


---------------  P R O C E S S  ---------------

Threads class SMR info:
_java_thread_list=0x0000025ef8a868d0, length=41, elements={
0x0000025eed042040, 0x0000025eed042ca0, 0x0000025eed032fd0, 0x0000025eed033a30,
0x0000025eed04b710, 0x0000025eed0354a0, 0x0000025eed037f10, 0x0000025eed0389b0,
0x0000025eed16a410, 0x0000025eed1ffd80, 0x0000025eed24ae40, 0x0000025eed2504f0,
0x0000025eeda6e9a0, 0x0000025ef22e9770, 0x0000025ef22dbce0, 0x0000025ef274b840,
0x0000025ebc4c94c0, 0x0000025ef4bf3b90, 0x0000025ef6d39980, 0x0000025ef4bf48b0,
0x0000025ef4bf4220, 0x0000025ef4bf55d0, 0x0000025ef4bf3500, 0x0000025ef4bf5c60,
0x0000025ef4bf2e70, 0x0000025ef4bf62f0, 0x0000025ef77743d0, 0x0000025ef7773020,
0x0000025ef77736b0, 0x0000025ef7770f50, 0x0000025ef7774a60, 0x0000025ef7771c70,
0x0000025ef7773d40, 0x0000025ef77750f0, 0x0000025ef7775780, 0x0000025ef7772300,
0x0000025ef7775e10, 0x0000025ef7776b30, 0x0000025ef77771c0, 0x0000025ef957b1b0,
0x0000025ef9578fa0
}

Java Threads: ( => current thread )
  0x0000025eed042040 JavaThread "Reference Handler"          daemon [_thread_blocked, id=52320, stack(0x00000067a9100000,0x00000067a9200000) (1024K)]
  0x0000025eed042ca0 JavaThread "Finalizer"                  daemon [_thread_blocked, id=49580, stack(0x00000067a9200000,0x00000067a9300000) (1024K)]
  0x0000025eed032fd0 JavaThread "Signal Dispatcher"          daemon [_thread_blocked, id=52508, stack(0x00000067a9300000,0x00000067a9400000) (1024K)]
  0x0000025eed033a30 JavaThread "Attach Listener"            daemon [_thread_blocked, id=51780, stack(0x00000067a9400000,0x00000067a9500000) (1024K)]
  0x0000025eed04b710 JavaThread "Service Thread"             daemon [_thread_blocked, id=12280, stack(0x00000067a9500000,0x00000067a9600000) (1024K)]
  0x0000025eed0354a0 JavaThread "Monitor Deflation Thread"   daemon [_thread_blocked, id=27892, stack(0x00000067a9600000,0x00000067a9700000) (1024K)]
=>0x0000025eed037f10 JavaThread "C2 CompilerThread0"         daemon [_thread_in_native, id=49312, stack(0x00000067a9700000,0x00000067a9800000) (1024K)]
  0x0000025eed0389b0 JavaThread "C1 CompilerThread0"         daemon [_thread_blocked, id=54088, stack(0x00000067a9800000,0x00000067a9900000) (1024K)]
  0x0000025eed16a410 JavaThread "C1 CompilerThread1"         daemon [_thread_blocked, id=54112, stack(0x00000067a9900000,0x00000067a9a00000) (1024K)]
  0x0000025eed1ffd80 JavaThread "C1 CompilerThread2"         daemon [_thread_blocked, id=52564, stack(0x00000067a9a00000,0x00000067a9b00000) (1024K)]
  0x0000025eed24ae40 JavaThread "Common-Cleaner"             daemon [_thread_blocked, id=47280, stack(0x00000067a9c00000,0x00000067a9d00000) (1024K)]
  0x0000025eed2504f0 JavaThread "Notification Thread"        daemon [_thread_blocked, id=47904, stack(0x00000067a9d00000,0x00000067a9e00000) (1024K)]
  0x0000025eeda6e9a0 JavaThread "Java2D Disposer"            daemon [_thread_blocked, id=49400, stack(0x00000067ab900000,0x00000067aba00000) (1024K)]
  0x0000025ef22e9770 JavaThread "AWT-Shutdown"                      [_thread_blocked, id=47720, stack(0x00000067aba00000,0x00000067abb00000) (1024K)]
  0x0000025ef22dbce0 JavaThread "AWT-Windows"                daemon [_thread_in_native, id=46596, stack(0x00000067abb00000,0x00000067abc00000) (1024K)]
  0x0000025ef274b840 JavaThread "AWT-EventQueue-0"                  [_thread_blocked, id=43200, stack(0x00000067abc00000,0x00000067abd00000) (1024K)]
  0x0000025ebc4c94c0 JavaThread "DestroyJavaVM"                     [_thread_blocked, id=24948, stack(0x00000067a8900000,0x00000067a8a00000) (1024K)]
  0x0000025ef4bf3b90 JavaThread "TimerQueue"                 daemon [_thread_blocked, id=25392, stack(0x00000067ac300000,0x00000067ac400000) (1024K)]
  0x0000025ef6d39980 JavaThread "C1 CompilerThread3"         daemon [_thread_blocked, id=39632, stack(0x00000067ac500000,0x00000067ac600000) (1024K)]
  0x0000025ef4bf48b0 JavaThread "Keep-Alive-Timer"           daemon [_thread_blocked, id=16788, stack(0x00000067ac800000,0x00000067ac900000) (1024K)]
  0x0000025ef4bf4220 JavaThread "SwingWorker-pool-2-thread-1" daemon [_thread_in_native, id=48552, stack(0x00000067ac000000,0x00000067ac100000) (1024K)]
  0x0000025ef4bf55d0 JavaThread "IPC Server Thread"          daemon [_thread_in_native, id=51736, stack(0x00000067acc00000,0x00000067acd00000) (1024K)]
  0x0000025ef4bf3500 JavaThread "Chromium Process Thread"           [_thread_in_native, id=53384, stack(0x00000067acd00000,0x00000067ace00000) (1024K)]
  0x0000025ef4bf5c60 JavaThread "Chromium Process Logger"    daemon [_thread_in_native, id=54180, stack(0x00000067ace00000,0x00000067acf00000) (1024K)]
  0x0000025ef4bf2e70 JavaThread "IPC Memory Reader Thread"          [_thread_in_native, id=8520, stack(0x00000067ad000000,0x00000067ad100000) (1024K)]
  0x0000025ef4bf62f0 JavaThread "Browser Thread: e4306da4-26b5-4119-9bf6-61f848140483" daemon [_thread_blocked, id=28128, stack(0x00000067ad100000,0x00000067ad200000) (1024K)]
  0x0000025ef77743d0 JavaThread "Socket Connection Checker: e4306da4-26b5-4119-9bf6-61f848140483"        [_thread_in_native, id=50680, stack(0x00000067ad200000,0x00000067ad300000) (1024K)]
  0x0000025ef7773020 JavaThread "Network Thread: a603bfb6-a899-4182-9283-921cf7a771c3" daemon [_thread_blocked, id=51332, stack(0x00000067ad500000,0x00000067ad600000) (1024K)]
  0x0000025ef77736b0 JavaThread "IPC Memory Reader Thread"          [_thread_in_native, id=52384, stack(0x00000067ad400000,0x00000067ad500000) (1024K)]
  0x0000025ef7770f50 JavaThread "Socket Connection Checker: a603bfb6-a899-4182-9283-921cf7a771c3"        [_thread_in_native, id=50304, stack(0x00000067ad600000,0x00000067ad700000) (1024K)]
  0x0000025ef7774a60 JavaThread "GPU Thread: da0ee421-a920-4498-9b8b-feaf78457275" daemon [_thread_blocked, id=49188, stack(0x00000067ad900000,0x00000067ada00000) (1024K)]
  0x0000025ef7771c70 JavaThread "IPC Memory Reader Thread"          [_thread_in_native, id=49184, stack(0x00000067ad800000,0x00000067ad900000) (1024K)]
  0x0000025ef7773d40 JavaThread "Socket Connection Checker: da0ee421-a920-4498-9b8b-feaf78457275"        [_thread_in_native, id=49316, stack(0x00000067ada00000,0x00000067adb00000) (1024K)]
  0x0000025ef77750f0 JavaThread "Render Thread: f57c57d0-7d12-43cf-ab5e-1cf498139c77" daemon [_thread_blocked, id=6376, stack(0x00000067adc00000,0x00000067add00000) (1024K)]
  0x0000025ef7775780 JavaThread "IPC Memory Reader Thread"          [_thread_in_native, id=48496, stack(0x00000067adb00000,0x00000067adc00000) (1024K)]
  0x0000025ef7772300 JavaThread "Socket Connection Checker: f57c57d0-7d12-43cf-ab5e-1cf498139c77"        [_thread_in_native, id=53472, stack(0x00000067add00000,0x00000067ade00000) (1024K)]
  0x0000025ef7775e10 JavaThread "Render Thread: 36b90aca-7321-4c4f-86d3-1030919dd7c3" daemon [_thread_blocked, id=17596, stack(0x00000067abe00000,0x00000067abf00000) (1024K)]
  0x0000025ef7776b30 JavaThread "IPC Memory Reader Thread"          [_thread_in_native, id=52692, stack(0x00000067aa100000,0x00000067aa200000) (1024K)]
  0x0000025ef77771c0 JavaThread "Socket Connection Checker: 36b90aca-7321-4c4f-86d3-1030919dd7c3"        [_thread_in_native, id=39428, stack(0x00000067ac600000,0x00000067ac700000) (1024K)]
  0x0000025ef957b1b0 JavaThread "C2 CompilerThread1"         daemon [_thread_in_native, id=50892, stack(0x00000067a9e00000,0x00000067a9f00000) (1024K)]
  0x0000025ef9578fa0 JavaThread "C2 CompilerThread2"         daemon [_thread_blocked, id=48584, stack(0x00000067a9f00000,0x00000067aa000000) (1024K)]
Total: 41

Other Threads:
  0x0000025eecfa1980 VMThread "VM Thread"                           [id=45068, stack(0x00000067a9000000,0x00000067a9100000) (1024K)]
  0x0000025eecf40090 WatcherThread "VM Periodic Task Thread"        [id=21348, stack(0x00000067a8f00000,0x00000067a9000000) (1024K)]
  0x0000025ebc570390 WorkerThread "GC Thread#0"                     [id=54012, stack(0x00000067a8a00000,0x00000067a8b00000) (1024K)]
  0x0000025ef2965c40 WorkerThread "GC Thread#1"                     [id=51620, stack(0x00000067aa200000,0x00000067aa300000) (1024K)]
  0x0000025ef2965160 WorkerThread "GC Thread#2"                     [id=53928, stack(0x00000067aa300000,0x00000067aa400000) (1024K)]
  0x0000025ef29658a0 WorkerThread "GC Thread#3"                     [id=50664, stack(0x00000067aa400000,0x00000067aa500000) (1024K)]
  0x0000025ef29642e0 WorkerThread "GC Thread#4"                     [id=49796, stack(0x00000067aa500000,0x00000067aa600000) (1024K)]
  0x0000025ef2964680 WorkerThread "GC Thread#5"                     [id=53376, stack(0x00000067aa600000,0x00000067aa700000) (1024K)]
  0x0000025ef2964a20 WorkerThread "GC Thread#6"                     [id=49704, stack(0x00000067aa700000,0x00000067aa800000) (1024K)]
  0x0000025ef2965500 WorkerThread "GC Thread#7"                     [id=53596, stack(0x00000067aa800000,0x00000067aa900000) (1024K)]
  0x0000025ef2964dc0 WorkerThread "GC Thread#8"                     [id=51808, stack(0x00000067aa900000,0x00000067aaa00000) (1024K)]
  0x0000025ef27da980 WorkerThread "GC Thread#9"                     [id=32348, stack(0x00000067aaa00000,0x00000067aab00000) (1024K)]
  0x0000025ef27d9ea0 WorkerThread "GC Thread#10"                    [id=27212, stack(0x00000067aab00000,0x00000067aac00000) (1024K)]
  0x0000025ef27da240 WorkerThread "GC Thread#11"                    [id=50472, stack(0x00000067aac00000,0x00000067aad00000) (1024K)]
  0x0000025ef27d81a0 WorkerThread "GC Thread#12"                    [id=52736, stack(0x00000067aad00000,0x00000067aae00000) (1024K)]
  0x0000025ef27da5e0 WorkerThread "GC Thread#13"                    [id=41480, stack(0x00000067aae00000,0x00000067aaf00000) (1024K)]
  0x0000025ef27d9b00 WorkerThread "GC Thread#14"                    [id=51804, stack(0x00000067aaf00000,0x00000067ab000000) (1024K)]
  0x0000025ef27db0c0 WorkerThread "GC Thread#15"                    [id=53132, stack(0x00000067ab000000,0x00000067ab100000) (1024K)]
  0x0000025ef27dbba0 WorkerThread "GC Thread#16"                    [id=53948, stack(0x00000067ab100000,0x00000067ab200000) (1024K)]
  0x0000025ef27d8540 WorkerThread "GC Thread#17"                    [id=51268, stack(0x00000067ab200000,0x00000067ab300000) (1024K)]
  0x0000025ef27d88e0 WorkerThread "GC Thread#18"                    [id=51948, stack(0x00000067ab300000,0x00000067ab400000) (1024K)]
  0x0000025ef27d8c80 WorkerThread "GC Thread#19"                    [id=53736, stack(0x00000067ab400000,0x00000067ab500000) (1024K)]
  0x0000025ebc581910 ConcurrentGCThread "G1 Main Marker"            [id=53664, stack(0x00000067a8b00000,0x00000067a8c00000) (1024K)]
  0x0000025ebc582410 WorkerThread "G1 Conc#0"                       [id=53816, stack(0x00000067a8c00000,0x00000067a8d00000) (1024K)]
  0x0000025ef27d9020 WorkerThread "G1 Conc#1"                       [id=49144, stack(0x00000067ab500000,0x00000067ab600000) (1024K)]
  0x0000025ef27d9760 WorkerThread "G1 Conc#2"                       [id=44588, stack(0x00000067ab600000,0x00000067ab700000) (1024K)]
  0x0000025ef27db460 WorkerThread "G1 Conc#3"                       [id=46784, stack(0x00000067ab700000,0x00000067ab800000) (1024K)]
  0x0000025ef27dad20 WorkerThread "G1 Conc#4"                       [id=25952, stack(0x00000067ab800000,0x00000067ab900000) (1024K)]
  0x0000025ee989ea80 ConcurrentGCThread "G1 Refine#0"               [id=53996, stack(0x00000067a8d00000,0x00000067a8e00000) (1024K)]
  0x0000025ee989f490 ConcurrentGCThread "G1 Service"                [id=52296, stack(0x00000067a8e00000,0x00000067a8f00000) (1024K)]
Total: 30

Threads with active compile tasks:
C2 CompilerThread0     9676 10742   !   4       com.st.microxplorer.mcufinder.db.ApiDb::getAttributeString (69 bytes)
C2 CompilerThread1     9676 10755       4       com.st.microxplorer.mcufinder.db.BoardInfo$1::accept (25 bytes)
Total: 2

VM state: not at safepoint (normal execution)

VM Mutex/Monitor currently owned by a thread: None

Heap address: 0x0000000404800000, size: 16312 MB, Compressed Oops mode: Zero based, Oop shift amount: 3

CDS archive(s) not mapped
Compressed class space mapped at: 0x0000000800000000-0x0000000840000000, reserved size: 1073741824
Narrow klass base: 0x0000000800000000, Narrow klass shift: 0, Narrow klass range: 0x40000000

GC Precious Log:
 CardTable entry size: 512
 Card Set container configuration: InlinePtr #cards 4 size 8 Array Of Cards #cards 64 size 144 Howl #buckets 8 coarsen threshold 14745 Howl Bitmap #cards 2048 size 272 coarsen threshold 1843 Card regions per heap region 1 cards per card region 16384
 CPUs: 28 total, 28 available
 Memory: 65240M
 Large Page Support: Disabled
 NUMA Support: Disabled
 Compressed Oops: Enabled (Zero based)
 Heap Region Size: 8M
 Heap Min Capacity: 8M
 Heap Initial Capacity: 1G
 Heap Max Capacity: 16312M
 Pre-touch: Disabled
 Parallel Workers: 20
 Concurrent Workers: 5
 Concurrent Refinement Workers: 20
 Periodic GC: Disabled

Heap:
 garbage-first heap   total 1564672K, used 308402K [0x0000000404800000, 0x0000000800000000)
  region size 8192K, 18 young (147456K), 4 survivors (32768K)
 Metaspace       used 94483K, committed 95616K, reserved 1179648K
  class space    used 10369K, committed 10880K, reserved 1048576K

Heap Regions: E=young(eden), S=young(survivor), O=old, HS=humongous(starts), HC=humongous(continues), CS=collection set, F=free, TAMS=top-at-mark-start, PB=parsable bottom
|   0|0x0000000404800000, 0x0000000405000000, 0x0000000405000000|100%|HS|  |TAMS 0x0000000404800000| PB 0x0000000404800000| Complete 
|   1|0x0000000405000000, 0x0000000405800000, 0x0000000405800000|100%| O|  |TAMS 0x0000000405000000| PB 0x0000000405000000| Untracked 
|   2|0x0000000405800000, 0x0000000406000000, 0x0000000406000000|100%| O|  |TAMS 0x0000000405800000| PB 0x0000000405800000| Untracked 
|   3|0x0000000406000000, 0x0000000406800000, 0x0000000406800000|100%| O|  |TAMS 0x0000000406000000| PB 0x0000000406000000| Untracked 
|   4|0x0000000406800000, 0x0000000407000000, 0x0000000407000000|100%| O|  |TAMS 0x0000000406800000| PB 0x0000000406800000| Untracked 
|   5|0x0000000407000000, 0x0000000407800000, 0x0000000407800000|100%| O|  |TAMS 0x0000000407000000| PB 0x0000000407000000| Untracked 
|   6|0x0000000407800000, 0x0000000408000000, 0x0000000408000000|100%| O|  |TAMS 0x0000000407800000| PB 0x0000000407800000| Untracked 
|   7|0x0000000408000000, 0x0000000408800000, 0x0000000408800000|100%| O|  |TAMS 0x0000000408000000| PB 0x0000000408000000| Untracked 
|   8|0x0000000408800000, 0x0000000409000000, 0x0000000409000000|100%| O|  |TAMS 0x0000000408800000| PB 0x0000000408800000| Untracked 
|   9|0x0000000409000000, 0x0000000409800000, 0x0000000409800000|100%| O|  |TAMS 0x0000000409000000| PB 0x0000000409000000| Untracked 
|  10|0x0000000409800000, 0x000000040a000000, 0x000000040a000000|100%|HS|  |TAMS 0x0000000409800000| PB 0x0000000409800000| Complete 
|  11|0x000000040a000000, 0x000000040a800000, 0x000000040a800000|100%|HC|  |TAMS 0x000000040a000000| PB 0x000000040a000000| Complete 
|  12|0x000000040a800000, 0x000000040b000000, 0x000000040b000000|100%| O|  |TAMS 0x000000040a800000| PB 0x000000040a800000| Untracked 
|  13|0x000000040b000000, 0x000000040b800000, 0x000000040b800000|100%| O|  |TAMS 0x000000040b000000| PB 0x000000040b000000| Untracked 
|  14|0x000000040b800000, 0x000000040c000000, 0x000000040c000000|100%| O|  |TAMS 0x000000040b800000| PB 0x000000040b800000| Untracked 
|  15|0x000000040c000000, 0x000000040c800000, 0x000000040c800000|100%| O|  |TAMS 0x000000040c000000| PB 0x000000040c000000| Untracked 
|  16|0x000000040c800000, 0x000000040c9aee30, 0x000000040d000000| 21%| O|  |TAMS 0x000000040c800000| PB 0x000000040c800000| Untracked 
|  17|0x000000040d000000, 0x000000040d000000, 0x000000040d800000|  0%| F|  |TAMS 0x000000040d000000| PB 0x000000040d000000| Untracked 
|  18|0x000000040d800000, 0x000000040e000000, 0x000000040e000000|100%| O|  |TAMS 0x000000040d800000| PB 0x000000040d800000| Untracked 
|  19|0x000000040e000000, 0x000000040e800000, 0x000000040e800000|100%| O|  |TAMS 0x000000040e000000| PB 0x000000040e000000| Untracked 
|  20|0x000000040e800000, 0x000000040e800000, 0x000000040f000000|  0%| F|  |TAMS 0x000000040e800000| PB 0x000000040e800000| Untracked 
|  21|0x000000040f000000, 0x000000040f000000, 0x000000040f800000|  0%| F|  |TAMS 0x000000040f000000| PB 0x000000040f000000| Untracked 
|  22|0x000000040f800000, 0x000000040f800000, 0x0000000410000000|  0%| F|  |TAMS 0x000000040f800000| PB 0x000000040f800000| Untracked 
|  23|0x0000000410000000, 0x0000000410000000, 0x0000000410800000|  0%| F|  |TAMS 0x0000000410000000| PB 0x0000000410000000| Untracked 
|  24|0x0000000410800000, 0x0000000410800000, 0x0000000411000000|  0%| F|  |TAMS 0x0000000410800000| PB 0x0000000410800000| Untracked 
|  25|0x0000000411000000, 0x0000000411000000, 0x0000000411800000|  0%| F|  |TAMS 0x0000000411000000| PB 0x0000000411000000| Untracked 
|  26|0x0000000411800000, 0x0000000411800000, 0x0000000412000000|  0%| F|  |TAMS 0x0000000411800000| PB 0x0000000411800000| Untracked 
|  27|0x0000000412000000, 0x0000000412000000, 0x0000000412800000|  0%| F|  |TAMS 0x0000000412000000| PB 0x0000000412000000| Untracked 
|  28|0x0000000412800000, 0x0000000412800000, 0x0000000413000000|  0%| F|  |TAMS 0x0000000412800000| PB 0x0000000412800000| Untracked 
|  29|0x0000000413000000, 0x0000000413000000, 0x0000000413800000|  0%| F|  |TAMS 0x0000000413000000| PB 0x0000000413000000| Untracked 
|  30|0x0000000413800000, 0x0000000413800000, 0x0000000414000000|  0%| F|  |TAMS 0x0000000413800000| PB 0x0000000413800000| Untracked 
|  31|0x0000000414000000, 0x0000000414000000, 0x0000000414800000|  0%| F|  |TAMS 0x0000000414000000| PB 0x0000000414000000| Untracked 
|  32|0x0000000414800000, 0x0000000414800000, 0x0000000415000000|  0%| F|  |TAMS 0x0000000414800000| PB 0x0000000414800000| Untracked 
|  33|0x0000000415000000, 0x0000000415000000, 0x0000000415800000|  0%| F|  |TAMS 0x0000000415000000| PB 0x0000000415000000| Untracked 
|  34|0x0000000415800000, 0x0000000415800000, 0x0000000416000000|  0%| F|  |TAMS 0x0000000415800000| PB 0x0000000415800000| Untracked 
|  35|0x0000000416000000, 0x0000000416000000, 0x0000000416800000|  0%| F|  |TAMS 0x0000000416000000| PB 0x0000000416000000| Untracked 
|  36|0x0000000416800000, 0x0000000416800000, 0x0000000417000000|  0%| F|  |TAMS 0x0000000416800000| PB 0x0000000416800000| Untracked 
|  37|0x0000000417000000, 0x0000000417000000, 0x0000000417800000|  0%| F|  |TAMS 0x0000000417000000| PB 0x0000000417000000| Untracked 
|  38|0x0000000417800000, 0x0000000417800000, 0x0000000418000000|  0%| F|  |TAMS 0x0000000417800000| PB 0x0000000417800000| Untracked 
|  39|0x0000000418000000, 0x0000000418000000, 0x0000000418800000|  0%| F|  |TAMS 0x0000000418000000| PB 0x0000000418000000| Untracked 
|  40|0x0000000418800000, 0x0000000418800000, 0x0000000419000000|  0%| F|  |TAMS 0x0000000418800000| PB 0x0000000418800000| Untracked 
|  41|0x0000000419000000, 0x0000000419000000, 0x0000000419800000|  0%| F|  |TAMS 0x0000000419000000| PB 0x0000000419000000| Untracked 
|  42|0x0000000419800000, 0x0000000419800000, 0x000000041a000000|  0%| F|  |TAMS 0x0000000419800000| PB 0x0000000419800000| Untracked 
|  43|0x000000041a000000, 0x000000041a000000, 0x000000041a800000|  0%| F|  |TAMS 0x000000041a000000| PB 0x000000041a000000| Untracked 
|  44|0x000000041a800000, 0x000000041a800000, 0x000000041b000000|  0%| F|  |TAMS 0x000000041a800000| PB 0x000000041a800000| Untracked 
|  45|0x000000041b000000, 0x000000041b000000, 0x000000041b800000|  0%| F|  |TAMS 0x000000041b000000| PB 0x000000041b000000| Untracked 
|  46|0x000000041b800000, 0x000000041b800000, 0x000000041c000000|  0%| F|  |TAMS 0x000000041b800000| PB 0x000000041b800000| Untracked 
|  47|0x000000041c000000, 0x000000041c000000, 0x000000041c800000|  0%| F|  |TAMS 0x000000041c000000| PB 0x000000041c000000| Untracked 
|  48|0x000000041c800000, 0x000000041c800000, 0x000000041d000000|  0%| F|  |TAMS 0x000000041c800000| PB 0x000000041c800000| Untracked 
|  49|0x000000041d000000, 0x000000041d000000, 0x000000041d800000|  0%| F|  |TAMS 0x000000041d000000| PB 0x000000041d000000| Untracked 
|  50|0x000000041d800000, 0x000000041d800000, 0x000000041e000000|  0%| F|  |TAMS 0x000000041d800000| PB 0x000000041d800000| Untracked 
|  51|0x000000041e000000, 0x000000041e000000, 0x000000041e800000|  0%| F|  |TAMS 0x000000041e000000| PB 0x000000041e000000| Untracked 
|  52|0x000000041e800000, 0x000000041e800000, 0x000000041f000000|  0%| F|  |TAMS 0x000000041e800000| PB 0x000000041e800000| Untracked 
|  53|0x000000041f000000, 0x000000041f000000, 0x000000041f800000|  0%| F|  |TAMS 0x000000041f000000| PB 0x000000041f000000| Untracked 
|  54|0x000000041f800000, 0x000000041f800000, 0x0000000420000000|  0%| F|  |TAMS 0x000000041f800000| PB 0x000000041f800000| Untracked 
|  55|0x0000000420000000, 0x0000000420000000, 0x0000000420800000|  0%| F|  |TAMS 0x0000000420000000| PB 0x0000000420000000| Untracked 
|  56|0x0000000420800000, 0x0000000420800000, 0x0000000421000000|  0%| F|  |TAMS 0x0000000420800000| PB 0x0000000420800000| Untracked 
|  57|0x0000000421000000, 0x0000000421000000, 0x0000000421800000|  0%| F|  |TAMS 0x0000000421000000| PB 0x0000000421000000| Untracked 
|  58|0x0000000421800000, 0x0000000421800000, 0x0000000422000000|  0%| F|  |TAMS 0x0000000421800000| PB 0x0000000421800000| Untracked 
|  59|0x0000000422000000, 0x0000000422000000, 0x0000000422800000|  0%| F|  |TAMS 0x0000000422000000| PB 0x0000000422000000| Untracked 
|  60|0x0000000422800000, 0x0000000422800000, 0x0000000423000000|  0%| F|  |TAMS 0x0000000422800000| PB 0x0000000422800000| Untracked 
|  61|0x0000000423000000, 0x0000000423000000, 0x0000000423800000|  0%| F|  |TAMS 0x0000000423000000| PB 0x0000000423000000| Untracked 
|  62|0x0000000423800000, 0x0000000423800000, 0x0000000424000000|  0%| F|  |TAMS 0x0000000423800000| PB 0x0000000423800000| Untracked 
|  63|0x0000000424000000, 0x0000000424000000, 0x0000000424800000|  0%| F|  |TAMS 0x0000000424000000| PB 0x0000000424000000| Untracked 
|  64|0x0000000424800000, 0x0000000424800000, 0x0000000425000000|  0%| F|  |TAMS 0x0000000424800000| PB 0x0000000424800000| Untracked 
|  65|0x0000000425000000, 0x0000000425000000, 0x0000000425800000|  0%| F|  |TAMS 0x0000000425000000| PB 0x0000000425000000| Untracked 
|  66|0x0000000425800000, 0x0000000425800000, 0x0000000426000000|  0%| F|  |TAMS 0x0000000425800000| PB 0x0000000425800000| Untracked 
|  67|0x0000000426000000, 0x0000000426000000, 0x0000000426800000|  0%| F|  |TAMS 0x0000000426000000| PB 0x0000000426000000| Untracked 
|  68|0x0000000426800000, 0x0000000426800000, 0x0000000427000000|  0%| F|  |TAMS 0x0000000426800000| PB 0x0000000426800000| Untracked 
|  69|0x0000000427000000, 0x0000000427000000, 0x0000000427800000|  0%| F|  |TAMS 0x0000000427000000| PB 0x0000000427000000| Untracked 
|  70|0x0000000427800000, 0x0000000427800000, 0x0000000428000000|  0%| F|  |TAMS 0x0000000427800000| PB 0x0000000427800000| Untracked 
|  71|0x0000000428000000, 0x0000000428000000, 0x0000000428800000|  0%| F|  |TAMS 0x0000000428000000| PB 0x0000000428000000| Untracked 
|  72|0x0000000428800000, 0x0000000428800000, 0x0000000429000000|  0%| F|  |TAMS 0x0000000428800000| PB 0x0000000428800000| Untracked 
|  73|0x0000000429000000, 0x0000000429000000, 0x0000000429800000|  0%| F|  |TAMS 0x0000000429000000| PB 0x0000000429000000| Untracked 
|  74|0x0000000429800000, 0x0000000429800000, 0x000000042a000000|  0%| F|  |TAMS 0x0000000429800000| PB 0x0000000429800000| Untracked 
|  75|0x000000042a000000, 0x000000042a800000, 0x000000042a800000|100%| S|CS|TAMS 0x000000042a000000| PB 0x000000042a000000| Complete 
|  76|0x000000042a800000, 0x000000042b000000, 0x000000042b000000|100%| S|CS|TAMS 0x000000042a800000| PB 0x000000042a800000| Complete 
|  77|0x000000042b000000, 0x000000042b800000, 0x000000042b800000|100%| S|CS|TAMS 0x000000042b000000| PB 0x000000042b000000| Complete 
|  78|0x000000042b800000, 0x000000042c000000, 0x000000042c000000|100%| S|CS|TAMS 0x000000042b800000| PB 0x000000042b800000| Complete 
|  79|0x000000042c000000, 0x000000042c000000, 0x000000042c800000|  0%| F|  |TAMS 0x000000042c000000| PB 0x000000042c000000| Untracked 
|  80|0x000000042c800000, 0x000000042c800000, 0x000000042d000000|  0%| F|  |TAMS 0x000000042c800000| PB 0x000000042c800000| Untracked 
|  81|0x000000042d000000, 0x000000042d000000, 0x000000042d800000|  0%| F|  |TAMS 0x000000042d000000| PB 0x000000042d000000| Untracked 
|  82|0x000000042d800000, 0x000000042d800000, 0x000000042e000000|  0%| F|  |TAMS 0x000000042d800000| PB 0x000000042d800000| Untracked 
|  83|0x000000042e000000, 0x000000042e000000, 0x000000042e800000|  0%| F|  |TAMS 0x000000042e000000| PB 0x000000042e000000| Untracked 
|  84|0x000000042e800000, 0x000000042e800000, 0x000000042f000000|  0%| F|  |TAMS 0x000000042e800000| PB 0x000000042e800000| Untracked 
|  85|0x000000042f000000, 0x000000042f000000, 0x000000042f800000|  0%| F|  |TAMS 0x000000042f000000| PB 0x000000042f000000| Untracked 
|  86|0x000000042f800000, 0x000000042f800000, 0x0000000430000000|  0%| F|  |TAMS 0x000000042f800000| PB 0x000000042f800000| Untracked 
|  87|0x0000000430000000, 0x0000000430000000, 0x0000000430800000|  0%| F|  |TAMS 0x0000000430000000| PB 0x0000000430000000| Untracked 
|  88|0x0000000430800000, 0x0000000430800000, 0x0000000431000000|  0%| F|  |TAMS 0x0000000430800000| PB 0x0000000430800000| Untracked 
|  89|0x0000000431000000, 0x0000000431000000, 0x0000000431800000|  0%| F|  |TAMS 0x0000000431000000| PB 0x0000000431000000| Untracked 
|  90|0x0000000431800000, 0x0000000431800000, 0x0000000432000000|  0%| F|  |TAMS 0x0000000431800000| PB 0x0000000431800000| Untracked 
|  91|0x0000000432000000, 0x0000000432000000, 0x0000000432800000|  0%| F|  |TAMS 0x0000000432000000| PB 0x0000000432000000| Untracked 
|  92|0x0000000432800000, 0x0000000432800000, 0x0000000433000000|  0%| F|  |TAMS 0x0000000432800000| PB 0x0000000432800000| Untracked 
|  93|0x0000000433000000, 0x0000000433000000, 0x0000000433800000|  0%| F|  |TAMS 0x0000000433000000| PB 0x0000000433000000| Untracked 
|  94|0x0000000433800000, 0x0000000433800000, 0x0000000434000000|  0%| F|  |TAMS 0x0000000433800000| PB 0x0000000433800000| Untracked 
|  95|0x0000000434000000, 0x0000000434000000, 0x0000000434800000|  0%| F|  |TAMS 0x0000000434000000| PB 0x0000000434000000| Untracked 
|  96|0x0000000434800000, 0x0000000434800000, 0x0000000435000000|  0%| F|  |TAMS 0x0000000434800000| PB 0x0000000434800000| Untracked 
|  97|0x0000000435000000, 0x0000000435000000, 0x0000000435800000|  0%| F|  |TAMS 0x0000000435000000| PB 0x0000000435000000| Untracked 
|  98|0x0000000435800000, 0x0000000435800000, 0x0000000436000000|  0%| F|  |TAMS 0x0000000435800000| PB 0x0000000435800000| Untracked 
|  99|0x0000000436000000, 0x0000000436000000, 0x0000000436800000|  0%| F|  |TAMS 0x0000000436000000| PB 0x0000000436000000| Untracked 
| 100|0x0000000436800000, 0x0000000436800000, 0x0000000437000000|  0%| F|  |TAMS 0x0000000436800000| PB 0x0000000436800000| Untracked 
| 101|0x0000000437000000, 0x0000000437000000, 0x0000000437800000|  0%| F|  |TAMS 0x0000000437000000| PB 0x0000000437000000| Untracked 
| 102|0x0000000437800000, 0x0000000437800000, 0x0000000438000000|  0%| F|  |TAMS 0x0000000437800000| PB 0x0000000437800000| Untracked 
| 103|0x0000000438000000, 0x0000000438000000, 0x0000000438800000|  0%| F|  |TAMS 0x0000000438000000| PB 0x0000000438000000| Untracked 
| 104|0x0000000438800000, 0x0000000438800000, 0x0000000439000000|  0%| F|  |TAMS 0x0000000438800000| PB 0x0000000438800000| Untracked 
| 105|0x0000000439000000, 0x0000000439000000, 0x0000000439800000|  0%| F|  |TAMS 0x0000000439000000| PB 0x0000000439000000| Untracked 
| 106|0x0000000439800000, 0x0000000439800000, 0x000000043a000000|  0%| F|  |TAMS 0x0000000439800000| PB 0x0000000439800000| Untracked 
| 107|0x000000043a000000, 0x000000043a000000, 0x000000043a800000|  0%| F|  |TAMS 0x000000043a000000| PB 0x000000043a000000| Untracked 
| 108|0x000000043a800000, 0x000000043a800000, 0x000000043b000000|  0%| F|  |TAMS 0x000000043a800000| PB 0x000000043a800000| Untracked 
| 109|0x000000043b000000, 0x000000043b000000, 0x000000043b800000|  0%| F|  |TAMS 0x000000043b000000| PB 0x000000043b000000| Untracked 
| 110|0x000000043b800000, 0x000000043b800000, 0x000000043c000000|  0%| F|  |TAMS 0x000000043b800000| PB 0x000000043b800000| Untracked 
| 111|0x000000043c000000, 0x000000043c000000, 0x000000043c800000|  0%| F|  |TAMS 0x000000043c000000| PB 0x000000043c000000| Untracked 
| 112|0x000000043c800000, 0x000000043c800000, 0x000000043d000000|  0%| F|  |TAMS 0x000000043c800000| PB 0x000000043c800000| Untracked 
| 113|0x000000043d000000, 0x000000043d000000, 0x000000043d800000|  0%| F|  |TAMS 0x000000043d000000| PB 0x000000043d000000| Untracked 
| 114|0x000000043d800000, 0x000000043d800000, 0x000000043e000000|  0%| F|  |TAMS 0x000000043d800000| PB 0x000000043d800000| Untracked 
| 115|0x000000043e000000, 0x000000043e000000, 0x000000043e800000|  0%| F|  |TAMS 0x000000043e000000| PB 0x000000043e000000| Untracked 
| 116|0x000000043e800000, 0x000000043e800000, 0x000000043f000000|  0%| F|  |TAMS 0x000000043e800000| PB 0x000000043e800000| Untracked 
| 117|0x000000043f000000, 0x000000043f000000, 0x000000043f800000|  0%| F|  |TAMS 0x000000043f000000| PB 0x000000043f000000| Untracked 
| 118|0x000000043f800000, 0x000000043f800000, 0x0000000440000000|  0%| F|  |TAMS 0x000000043f800000| PB 0x000000043f800000| Untracked 
| 119|0x0000000440000000, 0x0000000440000000, 0x0000000440800000|  0%| F|  |TAMS 0x0000000440000000| PB 0x0000000440000000| Untracked 
| 120|0x0000000440800000, 0x0000000440800000, 0x0000000441000000|  0%| F|  |TAMS 0x0000000440800000| PB 0x0000000440800000| Untracked 
| 121|0x0000000441000000, 0x0000000441000000, 0x0000000441800000|  0%| F|  |TAMS 0x0000000441000000| PB 0x0000000441000000| Untracked 
| 122|0x0000000441800000, 0x0000000441800000, 0x0000000442000000|  0%| F|  |TAMS 0x0000000441800000| PB 0x0000000441800000| Untracked 
| 123|0x0000000442000000, 0x0000000442000000, 0x0000000442800000|  0%| F|  |TAMS 0x0000000442000000| PB 0x0000000442000000| Untracked 
| 124|0x0000000442800000, 0x0000000442800000, 0x0000000443000000|  0%| F|  |TAMS 0x0000000442800000| PB 0x0000000442800000| Untracked 
| 125|0x0000000443000000, 0x0000000443000000, 0x0000000443800000|  0%| F|  |TAMS 0x0000000443000000| PB 0x0000000443000000| Untracked 
| 126|0x0000000443800000, 0x0000000443800000, 0x0000000444000000|  0%| F|  |TAMS 0x0000000443800000| PB 0x0000000443800000| Untracked 
| 127|0x0000000444000000, 0x0000000444000000, 0x0000000444800000|  0%| F|  |TAMS 0x0000000444000000| PB 0x0000000444000000| Untracked 
| 128|0x0000000444800000, 0x0000000444800000, 0x0000000445000000|  0%| F|  |TAMS 0x0000000444800000| PB 0x0000000444800000| Untracked 
| 129|0x0000000445000000, 0x0000000445000000, 0x0000000445800000|  0%| F|  |TAMS 0x0000000445000000| PB 0x0000000445000000| Untracked 
| 130|0x0000000445800000, 0x0000000445800000, 0x0000000446000000|  0%| F|  |TAMS 0x0000000445800000| PB 0x0000000445800000| Untracked 
| 131|0x0000000446000000, 0x0000000446000000, 0x0000000446800000|  0%| F|  |TAMS 0x0000000446000000| PB 0x0000000446000000| Untracked 
| 132|0x0000000446800000, 0x0000000446800000, 0x0000000447000000|  0%| F|  |TAMS 0x0000000446800000| PB 0x0000000446800000| Untracked 
| 133|0x0000000447000000, 0x0000000447000000, 0x0000000447800000|  0%| F|  |TAMS 0x0000000447000000| PB 0x0000000447000000| Untracked 
| 134|0x0000000447800000, 0x0000000447800000, 0x0000000448000000|  0%| F|  |TAMS 0x0000000447800000| PB 0x0000000447800000| Untracked 
| 135|0x0000000448000000, 0x0000000448000000, 0x0000000448800000|  0%| F|  |TAMS 0x0000000448000000| PB 0x0000000448000000| Untracked 
| 136|0x0000000448800000, 0x0000000448800000, 0x0000000449000000|  0%| F|  |TAMS 0x0000000448800000| PB 0x0000000448800000| Untracked 
| 137|0x0000000449000000, 0x0000000449000000, 0x0000000449800000|  0%| F|  |TAMS 0x0000000449000000| PB 0x0000000449000000| Untracked 
| 138|0x0000000449800000, 0x0000000449800000, 0x000000044a000000|  0%| F|  |TAMS 0x0000000449800000| PB 0x0000000449800000| Untracked 
| 139|0x000000044a000000, 0x000000044a000000, 0x000000044a800000|  0%| F|  |TAMS 0x000000044a000000| PB 0x000000044a000000| Untracked 
| 140|0x000000044a800000, 0x000000044a800000, 0x000000044b000000|  0%| F|  |TAMS 0x000000044a800000| PB 0x000000044a800000| Untracked 
| 141|0x000000044b000000, 0x000000044b000000, 0x000000044b800000|  0%| F|  |TAMS 0x000000044b000000| PB 0x000000044b000000| Untracked 
| 142|0x000000044b800000, 0x000000044b800000, 0x000000044c000000|  0%| F|  |TAMS 0x000000044b800000| PB 0x000000044b800000| Untracked 
| 143|0x000000044c000000, 0x000000044c000000, 0x000000044c800000|  0%| F|  |TAMS 0x000000044c000000| PB 0x000000044c000000| Untracked 
| 144|0x000000044c800000, 0x000000044c800000, 0x000000044d000000|  0%| F|  |TAMS 0x000000044c800000| PB 0x000000044c800000| Untracked 
| 145|0x000000044d000000, 0x000000044d000000, 0x000000044d800000|  0%| F|  |TAMS 0x000000044d000000| PB 0x000000044d000000| Untracked 
| 146|0x000000044d800000, 0x000000044d800000, 0x000000044e000000|  0%| F|  |TAMS 0x000000044d800000| PB 0x000000044d800000| Untracked 
| 147|0x000000044e000000, 0x000000044e000000, 0x000000044e800000|  0%| F|  |TAMS 0x000000044e000000| PB 0x000000044e000000| Untracked 
| 148|0x000000044e800000, 0x000000044e800000, 0x000000044f000000|  0%| F|  |TAMS 0x000000044e800000| PB 0x000000044e800000| Untracked 
| 149|0x000000044f000000, 0x000000044f000000, 0x000000044f800000|  0%| F|  |TAMS 0x000000044f000000| PB 0x000000044f000000| Untracked 
| 150|0x000000044f800000, 0x000000044f800000, 0x0000000450000000|  0%| F|  |TAMS 0x000000044f800000| PB 0x000000044f800000| Untracked 
| 151|0x0000000450000000, 0x0000000450000000, 0x0000000450800000|  0%| F|  |TAMS 0x0000000450000000| PB 0x0000000450000000| Untracked 
| 152|0x0000000450800000, 0x0000000450800000, 0x0000000451000000|  0%| F|  |TAMS 0x0000000450800000| PB 0x0000000450800000| Untracked 
| 153|0x0000000451000000, 0x0000000451000000, 0x0000000451800000|  0%| F|  |TAMS 0x0000000451000000| PB 0x0000000451000000| Untracked 
| 154|0x0000000451800000, 0x0000000451800000, 0x0000000452000000|  0%| F|  |TAMS 0x0000000451800000| PB 0x0000000451800000| Untracked 
| 155|0x0000000452000000, 0x0000000452000000, 0x0000000452800000|  0%| F|  |TAMS 0x0000000452000000| PB 0x0000000452000000| Untracked 
| 156|0x0000000452800000, 0x0000000452800000, 0x0000000453000000|  0%| F|  |TAMS 0x0000000452800000| PB 0x0000000452800000| Untracked 
| 157|0x0000000453000000, 0x0000000453000000, 0x0000000453800000|  0%| F|  |TAMS 0x0000000453000000| PB 0x0000000453000000| Untracked 
| 158|0x0000000453800000, 0x0000000453800000, 0x0000000454000000|  0%| F|  |TAMS 0x0000000453800000| PB 0x0000000453800000| Untracked 
| 159|0x0000000454000000, 0x0000000454000000, 0x0000000454800000|  0%| F|  |TAMS 0x0000000454000000| PB 0x0000000454000000| Untracked 
| 160|0x0000000454800000, 0x0000000454800000, 0x0000000455000000|  0%| F|  |TAMS 0x0000000454800000| PB 0x0000000454800000| Untracked 
| 161|0x0000000455000000, 0x0000000455000000, 0x0000000455800000|  0%| F|  |TAMS 0x0000000455000000| PB 0x0000000455000000| Untracked 
| 162|0x0000000455800000, 0x0000000455800000, 0x0000000456000000|  0%| F|  |TAMS 0x0000000455800000| PB 0x0000000455800000| Untracked 
| 163|0x0000000456000000, 0x0000000456000000, 0x0000000456800000|  0%| F|  |TAMS 0x0000000456000000| PB 0x0000000456000000| Untracked 
| 164|0x0000000456800000, 0x0000000456800000, 0x0000000457000000|  0%| F|  |TAMS 0x0000000456800000| PB 0x0000000456800000| Untracked 
| 165|0x0000000457000000, 0x0000000457000000, 0x0000000457800000|  0%| F|  |TAMS 0x0000000457000000| PB 0x0000000457000000| Untracked 
| 166|0x0000000457800000, 0x0000000457800000, 0x0000000458000000|  0%| F|  |TAMS 0x0000000457800000| PB 0x0000000457800000| Untracked 
| 167|0x0000000458000000, 0x0000000458000000, 0x0000000458800000|  0%| F|  |TAMS 0x0000000458000000| PB 0x0000000458000000| Untracked 
| 168|0x0000000458800000, 0x0000000458800000, 0x0000000459000000|  0%| F|  |TAMS 0x0000000458800000| PB 0x0000000458800000| Untracked 
| 169|0x0000000459000000, 0x0000000459000000, 0x0000000459800000|  0%| F|  |TAMS 0x0000000459000000| PB 0x0000000459000000| Untracked 
| 170|0x0000000459800000, 0x0000000459800000, 0x000000045a000000|  0%| F|  |TAMS 0x0000000459800000| PB 0x0000000459800000| Untracked 
| 171|0x000000045a000000, 0x000000045a000000, 0x000000045a800000|  0%| F|  |TAMS 0x000000045a000000| PB 0x000000045a000000| Untracked 
| 172|0x000000045a800000, 0x000000045a800000, 0x000000045b000000|  0%| F|  |TAMS 0x000000045a800000| PB 0x000000045a800000| Untracked 
| 173|0x000000045b000000, 0x000000045b000000, 0x000000045b800000|  0%| F|  |TAMS 0x000000045b000000| PB 0x000000045b000000| Untracked 
| 174|0x000000045b800000, 0x000000045bfa5708, 0x000000045c000000| 95%| E|  |TAMS 0x000000045b800000| PB 0x000000045b800000| Complete 
| 175|0x000000045c000000, 0x000000045c800000, 0x000000045c800000|100%| E|CS|TAMS 0x000000045c000000| PB 0x000000045c000000| Complete 
| 176|0x000000045c800000, 0x000000045d000000, 0x000000045d000000|100%| E|CS|TAMS 0x000000045c800000| PB 0x000000045c800000| Complete 
| 177|0x000000045d000000, 0x000000045d800000, 0x000000045d800000|100%| E|CS|TAMS 0x000000045d000000| PB 0x000000045d000000| Complete 
| 178|0x000000045d800000, 0x000000045e000000, 0x000000045e000000|100%| E|CS|TAMS 0x000000045d800000| PB 0x000000045d800000| Complete 
| 179|0x000000045e000000, 0x000000045e800000, 0x000000045e800000|100%| E|CS|TAMS 0x000000045e000000| PB 0x000000045e000000| Complete 
| 180|0x000000045e800000, 0x000000045f000000, 0x000000045f000000|100%| E|CS|TAMS 0x000000045e800000| PB 0x000000045e800000| Complete 
| 181|0x000000045f000000, 0x000000045f800000, 0x000000045f800000|100%| E|CS|TAMS 0x000000045f000000| PB 0x000000045f000000| Complete 
| 182|0x000000045f800000, 0x0000000460000000, 0x0000000460000000|100%| E|CS|TAMS 0x000000045f800000| PB 0x000000045f800000| Complete 
| 183|0x0000000460000000, 0x0000000460800000, 0x0000000460800000|100%| E|CS|TAMS 0x0000000460000000| PB 0x0000000460000000| Complete 
| 184|0x0000000460800000, 0x0000000461000000, 0x0000000461000000|100%| E|CS|TAMS 0x0000000460800000| PB 0x0000000460800000| Complete 
| 185|0x0000000461000000, 0x0000000461800000, 0x0000000461800000|100%| E|CS|TAMS 0x0000000461000000| PB 0x0000000461000000| Complete 
| 186|0x0000000461800000, 0x0000000462000000, 0x0000000462000000|100%| E|CS|TAMS 0x0000000461800000| PB 0x0000000461800000| Complete 
| 187|0x0000000462000000, 0x0000000462800000, 0x0000000462800000|100%| E|CS|TAMS 0x0000000462000000| PB 0x0000000462000000| Complete 
|2036|0x00000007fe800000, 0x00000007feb7dc40, 0x00000007ff000000| 43%| O|  |TAMS 0x00000007fe800000| PB 0x00000007fe800000| Untracked 
|2037|0x00000007ff000000, 0x00000007ff800000, 0x00000007ff800000|100%| O|  |TAMS 0x00000007ff000000| PB 0x00000007ff000000| Untracked 
|2038|0x00000007ff800000, 0x0000000800000000, 0x0000000800000000|100%| O|  |TAMS 0x00000007ff800000| PB 0x00000007ff800000| Untracked 

Card table byte_map: [0x0000025ed7750000,0x0000025ed9730000] _byte_map_base: 0x0000025ed572c000

Marking Bits: (CMBitMap*) 0x0000025ebc5710b0
 Bits: [0x0000025ed9730000, 0x0000025ee9610000)

Polling page: 0x0000025eba3f0000

Metaspace:

Usage:
  Non-class:     82.14 MB used.
      Class:     10.13 MB used.
       Both:     92.27 MB used.

Virtual space:
  Non-class space:      128.00 MB reserved,      82.75 MB ( 65%) committed,  2 nodes.
      Class space:        1.00 GB reserved,      10.62 MB (  1%) committed,  1 nodes.
             Both:        1.12 GB reserved,      93.38 MB (  8%) committed. 

Chunk freelists:
   Non-Class:  13.02 MB
       Class:  5.31 MB
        Both:  18.33 MB

MaxMetaspaceSize: unlimited
CompressedClassSpaceSize: 1.00 GB
Initial GC threshold: 21.00 MB
Current GC threshold: 110.31 MB
CDS: off
 - commit_granule_bytes: 65536.
 - commit_granule_words: 8192.
 - virtual_space_node_default_size: 8388608.
 - enlarge_chunks_in_place: 1.
 - use_allocation_guard: 0.


Internal statistics:

num_allocs_failed_limit: 9.
num_arena_births: 1006.
num_arena_deaths: 0.
num_vsnodes_births: 3.
num_vsnodes_deaths: 0.
num_space_committed: 1494.
num_space_uncommitted: 0.
num_chunks_returned_to_freelist: 9.
num_chunks_taken_from_freelist: 3550.
num_chunk_merges: 3.
num_chunk_splits: 2500.
num_chunks_enlarged: 1753.
num_inconsistent_stats: 0.

CodeHeap 'non-profiled nmethods': size=119168Kb used=8295Kb max_used=8295Kb free=110872Kb
 bounds [0x0000025ecd300000, 0x0000025ecdb20000, 0x0000025ed4760000]
CodeHeap 'profiled nmethods': size=119104Kb used=21340Kb max_used=21340Kb free=97763Kb
 bounds [0x0000025ec5760000, 0x0000025ec6c40000, 0x0000025eccbb0000]
CodeHeap 'non-nmethods': size=7488Kb used=3652Kb max_used=3725Kb free=3835Kb
 bounds [0x0000025eccbb0000, 0x0000025eccf70000, 0x0000025ecd300000]
 total_blobs=10666 nmethods=9723 adapters=843
 compilation: enabled
              stopped_count=0, restarted_count=0
 full_count=0

Compilation events (20 events):
Event: 9.608 Thread 0x0000025ef957b1b0 10732       4       com.st.microxplorer.mcufinder.db.ApiDb::getAttributeAlias (39 bytes)
Event: 9.608 Thread 0x0000025eed037f10 nmethod 10712 0x0000025ecdb10c10 code [0x0000025ecdb10e60, 0x0000025ecdb11a30]
Event: 9.608 Thread 0x0000025eed1ffd80 10733       3       org.sqlite.jdbc3.JDBC3ResultSet$$Lambda/0x0000000800aa5a20::run (6 bytes)
Event: 9.609 Thread 0x0000025eed1ffd80 nmethod 10733 0x0000025ec6c2ce90 code [0x0000025ec6c2d040, 0x0000025ec6c2d1a0]
Event: 9.610 Thread 0x0000025ef9578fa0 10734       4       java.lang.CharacterDataLatin1::isDigit (18 bytes)
Event: 9.610 Thread 0x0000025ef9578fa0 nmethod 10734 0x0000025ecdb12110 code [0x0000025ecdb122a0, 0x0000025ecdb12338]
Event: 9.611 Thread 0x0000025ef957b1b0 nmethod 10732 0x0000025ecdb12410 code [0x0000025ecdb12600, 0x0000025ecdb12d28]
Event: 9.611 Thread 0x0000025ef6d39980 10735       3       org.sqlite.jdbc3.JDBC3ResultSet$$Lambda/0x0000000800aac8c0::run (14 bytes)
Event: 9.611 Thread 0x0000025eed0389b0 10736       3       org.sqlite.jdbc3.JDBC3ResultSet::lambda$safeGetDoubleCol$5 (11 bytes)
Event: 9.611 Thread 0x0000025ef6d39980 nmethod 10735 0x0000025ec6c2d290 code [0x0000025ec6c2d440, 0x0000025ec6c2d5a0]
Event: 9.611 Thread 0x0000025eed0389b0 nmethod 10736 0x0000025ec6c2d690 code [0x0000025ec6c2d860, 0x0000025ec6c2db88]
Event: 9.614 Thread 0x0000025eed037f10 10738       4       org.sqlite.core.NativeDB::utf8ByteBufferToString (31 bytes)
Event: 9.614 Thread 0x0000025ef957b1b0 10739   !   4       org.sqlite.core.SafeStmtPtr::safeRun (33 bytes)
Event: 9.614 Thread 0x0000025ef9578fa0 10740       4       org.sqlite.jdbc3.JDBC3ResultSet$$Lambda/0x0000000800aa74e8::run (14 bytes)
Event: 9.615 Thread 0x0000025ef957b1b0 nmethod 10739 0x0000025ecdb13710 code [0x0000025ecdb138a0, 0x0000025ecdb13bd8]
Event: 9.617 Thread 0x0000025ef957b1b0 10741       4       java.nio.ByteBuffer::<init> (47 bytes)
Event: 9.618 Thread 0x0000025ef957b1b0 nmethod 10741 0x0000025ecdb13d10 code [0x0000025ecdb13ea0, 0x0000025ecdb141e8]
Event: 9.619 Thread 0x0000025eed037f10 nmethod 10738 0x0000025ecdb14390 code [0x0000025ecdb14560, 0x0000025ecdb14ae8]
Event: 9.620 Thread 0x0000025ef9578fa0 nmethod 10740 0x0000025ecdb14f90 code [0x0000025ecdb15180, 0x0000025ecdb15a38]
Event: 9.622 Thread 0x0000025eed037f10 10742   !   4       com.st.microxplorer.mcufinder.db.ApiDb::getAttributeString (69 bytes)

GC Heap History (20 events):
Event: 7.674 GC heap before
{Heap before GC invocations=33 (full 0):
 garbage-first heap   total 860160K, used 662126K [0x0000000404800000, 0x0000000800000000)
  region size 8192K, 63 young (516096K), 4 survivors (32768K)
 Metaspace       used 91056K, committed 92160K, reserved 1179648K
  class space    used 10058K, committed 10560K, reserved 1048576K
}
Event: 7.678 GC heap after
{Heap after GC invocations=34 (full 0):
 garbage-first heap   total 860160K, used 179540K [0x0000000404800000, 0x0000000800000000)
  region size 8192K, 4 young (32768K), 4 survivors (32768K)
 Metaspace       used 91056K, committed 92160K, reserved 1179648K
  class space    used 10058K, committed 10560K, reserved 1048576K
}
Event: 7.789 GC heap before
{Heap before GC invocations=34 (full 0):
 garbage-first heap   total 860160K, used 662868K [0x0000000404800000, 0x0000000800000000)
  region size 8192K, 63 young (516096K), 4 survivors (32768K)
 Metaspace       used 91092K, committed 92160K, reserved 1179648K
  class space    used 10058K, committed 10560K, reserved 1048576K
}
Event: 7.793 GC heap after
{Heap after GC invocations=35 (full 0):
 garbage-first heap   total 860160K, used 181816K [0x0000000404800000, 0x0000000800000000)
  region size 8192K, 4 young (32768K), 4 survivors (32768K)
 Metaspace       used 91092K, committed 92160K, reserved 1179648K
  class space    used 10058K, committed 10560K, reserved 1048576K
}
Event: 7.879 GC heap before
{Heap before GC invocations=35 (full 0):
 garbage-first heap   total 860160K, used 665144K [0x0000000404800000, 0x0000000800000000)
  region size 8192K, 63 young (516096K), 4 survivors (32768K)
 Metaspace       used 91106K, committed 92160K, reserved 1179648K
  class space    used 10058K, committed 10560K, reserved 1048576K
}
Event: 7.883 GC heap after
{Heap after GC invocations=36 (full 0):
 garbage-first heap   total 1228800K, used 180464K [0x0000000404800000, 0x0000000800000000)
  region size 8192K, 4 young (32768K), 4 survivors (32768K)
 Metaspace       used 91106K, committed 92160K, reserved 1179648K
  class space    used 10058K, committed 10560K, reserved 1048576K
}
Event: 8.171 GC heap before
{Heap before GC invocations=36 (full 0):
 garbage-first heap   total 1228800K, used 884976K [0x0000000404800000, 0x0000000800000000)
  region size 8192K, 90 young (737280K), 4 survivors (32768K)
 Metaspace       used 91580K, committed 92672K, reserved 1179648K
  class space    used 10094K, committed 10624K, reserved 1048576K
}
Event: 8.177 GC heap after
{Heap after GC invocations=37 (full 0):
 garbage-first heap   total 1228800K, used 186031K [0x0000000404800000, 0x0000000800000000)
  region size 8192K, 4 young (32768K), 4 survivors (32768K)
 Metaspace       used 91580K, committed 92672K, reserved 1179648K
  class space    used 10094K, committed 10624K, reserved 1048576K
}
Event: 8.325 GC heap before
{Heap before GC invocations=37 (full 0):
 garbage-first heap   total 1228800K, used 890543K [0x0000000404800000, 0x0000000800000000)
  region size 8192K, 90 young (737280K), 4 survivors (32768K)
 Metaspace       used 91582K, committed 92672K, reserved 1179648K
  class space    used 10094K, committed 10624K, reserved 1048576K
}
Event: 8.329 GC heap after
{Heap after GC invocations=38 (full 0):
 garbage-first heap   total 1228800K, used 187292K [0x0000000404800000, 0x0000000800000000)
  region size 8192K, 4 young (32768K), 4 survivors (32768K)
 Metaspace       used 91582K, committed 92672K, reserved 1179648K
  class space    used 10094K, committed 10624K, reserved 1048576K
}
Event: 8.444 GC heap before
{Heap before GC invocations=38 (full 0):
 garbage-first heap   total 1228800K, used 891804K [0x0000000404800000, 0x0000000800000000)
  region size 8192K, 90 young (737280K), 4 survivors (32768K)
 Metaspace       used 91734K, committed 92864K, reserved 1179648K
  class space    used 10096K, committed 10624K, reserved 1048576K
}
Event: 8.449 GC heap after
{Heap after GC invocations=39 (full 0):
 garbage-first heap   total 1228800K, used 188142K [0x0000000404800000, 0x0000000800000000)
  region size 8192K, 4 young (32768K), 4 survivors (32768K)
 Metaspace       used 91734K, committed 92864K, reserved 1179648K
  class space    used 10096K, committed 10624K, reserved 1048576K
}
Event: 9.277 GC heap before
{Heap before GC invocations=39 (full 0):
 garbage-first heap   total 1228800K, used 892654K [0x0000000404800000, 0x0000000800000000)
  region size 8192K, 90 young (737280K), 4 survivors (32768K)
 Metaspace       used 93300K, committed 94400K, reserved 1179648K
  class space    used 10249K, committed 10752K, reserved 1048576K
}
Event: 9.285 GC heap after
{Heap after GC invocations=40 (full 0):
 garbage-first heap   total 1564672K, used 201299K [0x0000000404800000, 0x0000000800000000)
  region size 8192K, 5 young (40960K), 5 survivors (40960K)
 Metaspace       used 93300K, committed 94400K, reserved 1179648K
  class space    used 10249K, committed 10752K, reserved 1048576K
}
Event: 9.353 GC heap before
{Heap before GC invocations=40 (full 0):
 garbage-first heap   total 1564672K, used 1094227K [0x0000000404800000, 0x0000000800000000)
  region size 8192K, 114 young (933888K), 5 survivors (40960K)
 Metaspace       used 93327K, committed 94400K, reserved 1179648K
  class space    used 10249K, committed 10752K, reserved 1048576K
}
Event: 9.358 GC heap after
{Heap after GC invocations=41 (full 0):
 garbage-first heap   total 1564672K, used 201522K [0x0000000404800000, 0x0000000800000000)
  region size 8192K, 5 young (40960K), 5 survivors (40960K)
 Metaspace       used 93327K, committed 94400K, reserved 1179648K
  class space    used 10249K, committed 10752K, reserved 1048576K
}
Event: 9.418 GC heap before
{Heap before GC invocations=41 (full 0):
 garbage-first heap   total 1564672K, used 1094450K [0x0000000404800000, 0x0000000800000000)
  region size 8192K, 114 young (933888K), 5 survivors (40960K)
 Metaspace       used 93328K, committed 94400K, reserved 1179648K
  class space    used 10249K, committed 10752K, reserved 1048576K
}
Event: 9.424 GC heap after
{Heap after GC invocations=42 (full 0):
 garbage-first heap   total 1564672K, used 202085K [0x0000000404800000, 0x0000000800000000)
  region size 8192K, 5 young (40960K), 5 survivors (40960K)
 Metaspace       used 93328K, committed 94400K, reserved 1179648K
  class space    used 10249K, committed 10752K, reserved 1048576K
}
Event: 9.464 GC heap before
{Heap before GC invocations=42 (full 0):
 garbage-first heap   total 1564672K, used 1095013K [0x0000000404800000, 0x0000000800000000)
  region size 8192K, 114 young (933888K), 5 survivors (40960K)
 Metaspace       used 93332K, committed 94400K, reserved 1179648K
  class space    used 10249K, committed 10752K, reserved 1048576K
}
Event: 9.469 GC heap after
{Heap after GC invocations=43 (full 0):
 garbage-first heap   total 1564672K, used 201906K [0x0000000404800000, 0x0000000800000000)
  region size 8192K, 4 young (32768K), 4 survivors (32768K)
 Metaspace       used 93332K, committed 94400K, reserved 1179648K
  class space    used 10249K, committed 10752K, reserved 1048576K
}

Dll operation events (19 events):
Event: 0.004 Loaded shared library C:\Users\User\AppData\Local\Programs\STM32CubeMX\jre\bin\java.dll
Event: 0.024 Loaded shared library C:\Users\User\AppData\Local\Programs\STM32CubeMX\jre\bin\jsvml.dll
Event: 0.052 Loaded shared library C:\Users\User\AppData\Local\Programs\STM32CubeMX\jre\bin\net.dll
Event: 0.053 Loaded shared library C:\Users\User\AppData\Local\Programs\STM32CubeMX\jre\bin\nio.dll
Event: 0.066 Loaded shared library C:\Users\User\AppData\Local\Programs\STM32CubeMX\jre\bin\zip.dll
Event: 0.083 Loaded shared library C:\Users\User\AppData\Local\Programs\STM32CubeMX\jre\bin\jimage.dll
Event: 0.168 Loaded shared library C:\Users\User\AppData\Local\Programs\STM32CubeMX\jre\bin\management.dll
Event: 0.171 Loaded shared library C:\Users\User\AppData\Local\Programs\STM32CubeMX\jre\bin\management_ext.dll
Event: 0.443 Loaded shared library C:\Users\User\AppData\Local\Programs\STM32CubeMX\jre\bin\awt.dll
Event: 0.578 Loaded shared library C:\Users\User\AppData\Local\Programs\STM32CubeMX\jre\bin\freetype.dll
Event: 0.578 Loaded shared library C:\Users\User\AppData\Local\Programs\STM32CubeMX\jre\bin\fontmanager.dll
Event: 0.648 Loaded shared library C:\Users\User\AppData\Local\Programs\STM32CubeMX\jre\bin\verify.dll
Event: 0.703 Loaded shared library C:\Users\User\AppData\Local\Programs\STM32CubeMX\jre\bin\prefs.dll
Event: 3.900 Loaded shared library C:\Users\User\AppData\Local\Programs\STM32CubeMX\jre\bin\sunmscapi.dll
Event: 3.999 Loaded shared library C:\Users\User\AppData\Local\Programs\STM32CubeMX\jre\bin\extnet.dll
Event: 4.173 Loaded shared library C:\Users\User\AppData\Local\Programs\STM32CubeMX\jre\bin\javajpeg.dll
Event: 5.319 Loaded shared library C:\Users\User\.stm32cubemx\.jxbrowser-8.5.0\Chromium\toolkit64.dll
Event: 5.435 Loaded shared library C:\Users\User\.stm32cubemx\.jxbrowser-8.5.0\Chromium\ipc64.dll
Event: 9.535 Loaded shared library C:\Users\User\AppData\Local\Temp\sqlite-3.49.1.0-f5099c05-2bf8-41c1-b78f-d6679893e059-sqlitejdbc.dll

Deoptimization events (20 events):
Event: 9.533 Thread 0x0000025ef4bf4220 Uncommon trap: trap_request=0xffffff45 fr.pc=0x0000025ecd4bb03c relative=0x000000000000061c
Event: 9.533 Thread 0x0000025ef4bf4220 Uncommon trap: reason=unstable_if action=reinterpret pc=0x0000025ecd4bb03c method=java.io.BufferedInputStream.implRead()I @ 23 c2
Event: 9.533 Thread 0x0000025ef4bf4220 DEOPT PACKING pc=0x0000025ecd4bb03c sp=0x00000067ac0fe330
Event: 9.533 Thread 0x0000025ef4bf4220 DEOPT UNPACKING pc=0x0000025eccc046a2 sp=0x00000067ac0fe280 mode 2
Event: 9.541 Thread 0x0000025ef4bf4220 Uncommon trap: trap_request=0xffffff45 fr.pc=0x0000025ecd64080c relative=0x0000000000000a8c
Event: 9.541 Thread 0x0000025ef4bf4220 Uncommon trap: reason=unstable_if action=reinterpret pc=0x0000025ecd64080c method=java.util.regex.Matcher.reset()Ljava/util/regex/Matcher; @ 71 c2
Event: 9.541 Thread 0x0000025ef4bf4220 DEOPT PACKING pc=0x0000025ecd64080c sp=0x00000067ac0fe380
Event: 9.541 Thread 0x0000025ef4bf4220 DEOPT UNPACKING pc=0x0000025eccc046a2 sp=0x00000067ac0fe2b0 mode 2
Event: 9.541 Thread 0x0000025ef4bf4220 Uncommon trap: trap_request=0xffffff45 fr.pc=0x0000025ecd5fdc18 relative=0x00000000000003b8
Event: 9.541 Thread 0x0000025ef4bf4220 Uncommon trap: reason=unstable_if action=reinterpret pc=0x0000025ecd5fdc18 method=java.util.regex.Matcher.search(I)Z @ 76 c2
Event: 9.541 Thread 0x0000025ef4bf4220 DEOPT PACKING pc=0x0000025ecd5fdc18 sp=0x00000067ac0fe3b0
Event: 9.541 Thread 0x0000025ef4bf4220 DEOPT UNPACKING pc=0x0000025eccc046a2 sp=0x00000067ac0fe2e8 mode 2
Event: 9.577 Thread 0x0000025ef4bf4220 Uncommon trap: trap_request=0xffffff45 fr.pc=0x0000025ecd4e3990 relative=0x0000000000000450
Event: 9.577 Thread 0x0000025ef4bf4220 Uncommon trap: reason=unstable_if action=reinterpret pc=0x0000025ecd4e3990 method=java.lang.AbstractStringBuilder.setLength(I)V @ 23 c2
Event: 9.577 Thread 0x0000025ef4bf4220 DEOPT PACKING pc=0x0000025ecd4e3990 sp=0x00000067ac0fe020
Event: 9.577 Thread 0x0000025ef4bf4220 DEOPT UNPACKING pc=0x0000025eccc046a2 sp=0x00000067ac0fdff8 mode 2
Event: 9.602 Thread 0x0000025ef4bf4220 Uncommon trap: trap_request=0xffffff45 fr.pc=0x0000025ecd42de48 relative=0x00000000000000a8
Event: 9.602 Thread 0x0000025ef4bf4220 Uncommon trap: reason=unstable_if action=reinterpret pc=0x0000025ecd42de48 method=java.lang.invoke.LambdaForm$BasicType.basicType(C)Ljava/lang/invoke/LambdaForm$BasicType; @ 1 c2
Event: 9.602 Thread 0x0000025ef4bf4220 DEOPT PACKING pc=0x0000025ecd42de48 sp=0x00000067ac0fd7d0
Event: 9.602 Thread 0x0000025ef4bf4220 DEOPT UNPACKING pc=0x0000025eccc046a2 sp=0x00000067ac0fd768 mode 2

Classes loaded (20 events):
Event: 7.973 Loading class java/util/regex/Pattern$Bound
Event: 7.973 Loading class java/util/regex/Pattern$Bound done
Event: 7.973 Loading class java/util/regex/Pattern$Neg
Event: 7.974 Loading class java/util/regex/Pattern$Neg done
Event: 8.104 Loading class jdk/internal/math/FloatingDecimal$HexFloatPattern
Event: 8.105 Loading class jdk/internal/math/FloatingDecimal$HexFloatPattern done
Event: 9.149 Loading class sun/security/ssl/Alert
Event: 9.149 Loading class sun/security/ssl/Alert done
Event: 9.149 Loading class sun/security/ssl/Alert$AlertConsumer
Event: 9.150 Loading class sun/security/ssl/Alert$AlertConsumer done
Event: 9.150 Loading class sun/security/ssl/Alert$Level
Event: 9.150 Loading class sun/security/ssl/Alert$Level done
Event: 9.493 Loading class java/lang/UnsatisfiedLinkError
Event: 9.494 Loading class java/lang/UnsatisfiedLinkError done
Event: 9.494 Loading class java/nio/file/Files$2
Event: 9.494 Loading class java/nio/file/Files$2 done
Event: 9.498 Loading class java/nio/file/StandardCopyOption
Event: 9.498 Loading class java/nio/file/StandardCopyOption done
Event: 9.498 Loading class sun/nio/ch/ChannelOutputStream
Event: 9.498 Loading class sun/nio/ch/ChannelOutputStream done

Classes unloaded (0 events):
No events

Classes redefined (0 events):
No events

Internal exceptions (20 events):
Event: 9.498 Thread 0x0000025ef4bf4220 Exception <a 'sun/nio/fs/WindowsException'{0x0000000462247400}> (0x0000000462247400) 
thrown [s\src\hotspot\share\prims\jni.cpp, line 520]
Event: 9.541 Thread 0x0000025ef4bf4220 Exception <a 'java/io/IOException'{0x00000004622ba2c0}> (0x00000004622ba2c0) 
thrown [s\src\hotspot\share\prims\jni.cpp, line 520]
Event: 9.541 Thread 0x0000025ef4bf4220 Exception <a 'java/io/IOException'{0x00000004622ba888}> (0x00000004622ba888) 
thrown [s\src\hotspot\share\prims\jni.cpp, line 520]
Event: 9.577 Thread 0x0000025ef4bf4220 Exception <a 'java/io/IOException'{0x0000000462304790}> (0x0000000462304790) 
thrown [s\src\hotspot\share\prims\jni.cpp, line 520]
Event: 9.577 Thread 0x0000025ef4bf4220 Exception <a 'java/io/IOException'{0x0000000462304d58}> (0x0000000462304d58) 
thrown [s\src\hotspot\share\prims\jni.cpp, line 520]
Event: 9.577 Thread 0x0000025ef4bf4220 Exception <a 'java/io/IOException'{0x0000000462305f00}> (0x0000000462305f00) 
thrown [s\src\hotspot\share\prims\jni.cpp, line 520]
Event: 9.577 Thread 0x0000025ef4bf4220 Exception <a 'java/io/IOException'{0x00000004623064c8}> (0x00000004623064c8) 
thrown [s\src\hotspot\share\prims\jni.cpp, line 520]
Event: 9.577 Thread 0x0000025ef4bf4220 Exception <a 'java/io/IOException'{0x0000000462308068}> (0x0000000462308068) 
thrown [s\src\hotspot\share\prims\jni.cpp, line 520]
Event: 9.577 Thread 0x0000025ef4bf4220 Exception <a 'java/io/IOException'{0x0000000462308630}> (0x0000000462308630) 
thrown [s\src\hotspot\share\prims\jni.cpp, line 520]
Event: 9.577 Thread 0x0000025ef4bf4220 Exception <a 'java/io/IOException'{0x000000046230c918}> (0x000000046230c918) 
thrown [s\src\hotspot\share\prims\jni.cpp, line 520]
Event: 9.577 Thread 0x0000025ef4bf4220 Exception <a 'java/io/IOException'{0x000000046230cee0}> (0x000000046230cee0) 
thrown [s\src\hotspot\share\prims\jni.cpp, line 520]
Event: 9.581 Thread 0x0000025ef4bf4220 Exception <a 'java/lang/NoSuchMethodError'{0x0000000462345e80}: 'long java.lang.invoke.DirectMethodHandle$Holder.invokeSpecial(java.lang.Object, java.lang.Object, java.lang.Object, int, java.lang.Object)'> (0x0000000462345e80) 
thrown [s\src\hotspot\share\interpreter\linkResolver.cpp, line 773]
Event: 9.611 Thread 0x0000025ef4bf4220 Exception <a 'java/io/IOException'{0x000000045c965270}> (0x000000045c965270) 
thrown [s\src\hotspot\share\prims\jni.cpp, line 520]
Event: 9.611 Thread 0x0000025ef4bf4220 Exception <a 'java/io/IOException'{0x000000045c965838}> (0x000000045c965838) 
thrown [s\src\hotspot\share\prims\jni.cpp, line 520]
Event: 9.611 Thread 0x0000025ef4bf4220 Exception <a 'java/io/IOException'{0x000000045c967dc8}> (0x000000045c967dc8) 
thrown [s\src\hotspot\share\prims\jni.cpp, line 520]
Event: 9.611 Thread 0x0000025ef4bf4220 Exception <a 'java/io/IOException'{0x000000045c968390}> (0x000000045c968390) 
thrown [s\src\hotspot\share\prims\jni.cpp, line 520]
Event: 9.612 Thread 0x0000025ef4bf4220 Exception <a 'java/io/IOException'{0x000000045c96a8f0}> (0x000000045c96a8f0) 
thrown [s\src\hotspot\share\prims\jni.cpp, line 520]
Event: 9.612 Thread 0x0000025ef4bf4220 Exception <a 'java/io/IOException'{0x000000045c96aeb8}> (0x000000045c96aeb8) 
thrown [s\src\hotspot\share\prims\jni.cpp, line 520]
Event: 9.612 Thread 0x0000025ef4bf4220 Exception <a 'java/io/IOException'{0x000000045c96d7e8}> (0x000000045c96d7e8) 
thrown [s\src\hotspot\share\prims\jni.cpp, line 520]
Event: 9.612 Thread 0x0000025ef4bf4220 Exception <a 'java/io/IOException'{0x000000045c96ddb0}> (0x000000045c96ddb0) 
thrown [s\src\hotspot\share\prims\jni.cpp, line 520]

ZGC Phase Switch (0 events):
No events

VM Operations (20 events):
Event: 7.965 Executing VM operation: HandshakeAllThreads (Deoptimize)
Event: 7.965 Executing VM operation: HandshakeAllThreads (Deoptimize) done
Event: 8.171 Executing VM operation: G1CollectForAllocation (G1 Evacuation Pause)
Event: 8.177 Executing VM operation: G1CollectForAllocation (G1 Evacuation Pause) done
Event: 8.325 Executing VM operation: G1CollectForAllocation (G1 Evacuation Pause)
Event: 8.329 Executing VM operation: G1CollectForAllocation (G1 Evacuation Pause) done
Event: 8.444 Executing VM operation: G1CollectForAllocation (G1 Evacuation Pause)
Event: 8.449 Executing VM operation: G1CollectForAllocation (G1 Evacuation Pause) done
Event: 8.895 Executing VM operation: HandshakeAllThreads (Deoptimize)
Event: 8.895 Executing VM operation: HandshakeAllThreads (Deoptimize) done
Event: 8.899 Executing VM operation: ICBufferFull
Event: 8.899 Executing VM operation: ICBufferFull done
Event: 9.276 Executing VM operation: G1CollectForAllocation (G1 Evacuation Pause)
Event: 9.285 Executing VM operation: G1CollectForAllocation (G1 Evacuation Pause) done
Event: 9.353 Executing VM operation: G1CollectForAllocation (G1 Evacuation Pause)
Event: 9.358 Executing VM operation: G1CollectForAllocation (G1 Evacuation Pause) done
Event: 9.418 Executing VM operation: G1CollectForAllocation (G1 Evacuation Pause)
Event: 9.424 Executing VM operation: G1CollectForAllocation (G1 Evacuation Pause) done
Event: 9.464 Executing VM operation: G1CollectForAllocation (G1 Evacuation Pause)
Event: 9.469 Executing VM operation: G1CollectForAllocation (G1 Evacuation Pause) done

Events (20 events):
Event: 9.473 Thread 0x0000025ef77764a0 Thread exited: 0x0000025ef77764a0
Event: 9.473 Thread 0x0000025ef7778570 Thread added: 0x0000025ef7778570
Event: 9.473 Thread 0x0000025ef7778570 Thread exited: 0x0000025ef7778570
Event: 9.473 Thread 0x0000025ef7778570 Thread added: 0x0000025ef7778570
Event: 9.473 Thread 0x0000025ef7778570 Thread exited: 0x0000025ef7778570
Event: 9.473 Thread 0x0000025ef7778570 Thread added: 0x0000025ef7778570
Event: 9.473 Thread 0x0000025ef7778570 Thread exited: 0x0000025ef7778570
Event: 9.473 Thread 0x0000025ef7778570 Thread added: 0x0000025ef7778570
Event: 9.473 Thread 0x0000025ef7778570 Thread exited: 0x0000025ef7778570
Event: 9.473 Thread 0x0000025ef7778570 Thread added: 0x0000025ef7778570
Event: 9.473 Thread 0x0000025ef7778570 Thread exited: 0x0000025ef7778570
Event: 9.473 Thread 0x0000025ef77764a0 Thread added: 0x0000025ef77764a0
Event: 9.474 Thread 0x0000025ef77764a0 Thread exited: 0x0000025ef77764a0
Event: 9.474 Thread 0x0000025ef7778570 Thread added: 0x0000025ef7778570
Event: 9.474 Thread 0x0000025ef7778570 Thread exited: 0x0000025ef7778570
Event: 9.474 Thread 0x0000025ef7778570 Thread added: 0x0000025ef7778570
Event: 9.474 Thread 0x0000025ef7778570 Thread exited: 0x0000025ef7778570
Event: 9.474 Thread 0x0000025ef7778570 Thread added: 0x0000025ef7778570
Event: 9.474 Thread 0x0000025ef7778570 Thread exited: 0x0000025ef7778570
Event: 9.533 Thread 0x0000025ef957b880 Thread exited: 0x0000025ef957b880


Dynamic libraries:
0x00007ff78f3c0000 - 0x00007ff78f3ce000 	C:\Users\User\AppData\Local\Programs\STM32CubeMX\jre\bin\javaw.exe
0x00007ff8ad460000 - 0x00007ff8ad6c9000 	C:\WINDOWS\SYSTEM32\ntdll.dll
0x00007ff8ab400000 - 0x00007ff8ab4c9000 	C:\WINDOWS\System32\KERNEL32.DLL
0x00007ff8aa760000 - 0x00007ff8aab53000 	C:\WINDOWS\System32\KERNELBASE.dll
0x00007ff8ab0e0000 - 0x00007ff8ab22b000 	C:\WINDOWS\System32\ucrtbase.dll
0x00007fff02d30000 - 0x00007fff02d48000 	C:\Users\User\AppData\Local\Programs\STM32CubeMX\jre\bin\jli.dll
0x00007fff02d10000 - 0x00007fff02d2b000 	C:\Users\User\AppData\Local\Programs\STM32CubeMX\jre\bin\VCRUNTIME140.dll
0x00007ff8ab4d0000 - 0x00007ff8ab694000 	C:\WINDOWS\System32\USER32.dll
0x00007ff8aaec0000 - 0x00007ff8aaee7000 	C:\WINDOWS\System32\win32u.dll
0x00007ff887180000 - 0x00007ff887413000 	C:\WINDOWS\WinSxS\amd64_microsoft.windows.common-controls_6595b64144ccf1df_6.0.26100.5074_none_3e0d6f78e32fd63f\COMCTL32.dll
0x00007ff8ac9b0000 - 0x00007ff8ac9db000 	C:\WINDOWS\System32\GDI32.dll
0x00007ff8ab230000 - 0x00007ff8ab2d9000 	C:\WINDOWS\System32\msvcrt.dll
0x00007ff8aaef0000 - 0x00007ff8ab01d000 	C:\WINDOWS\System32\gdi32full.dll
0x00007ff8aae10000 - 0x00007ff8aaeb3000 	C:\WINDOWS\System32\msvcp_win.dll
0x00007ff8ac050000 - 0x00007ff8ac07f000 	C:\WINDOWS\System32\IMM32.DLL
0x00007fff02d00000 - 0x00007fff02d0c000 	C:\Users\User\AppData\Local\Programs\STM32CubeMX\jre\bin\vcruntime140_1.dll
0x00007ffeef4a0000 - 0x00007ffeef52e000 	C:\Users\User\AppData\Local\Programs\STM32CubeMX\jre\bin\msvcp140.dll
0x00007ffee9cb0000 - 0x00007ffeeaa32000 	C:\Users\User\AppData\Local\Programs\STM32CubeMX\jre\bin\server\jvm.dll
0x00007ff8ad1f0000 - 0x00007ff8ad2a4000 	C:\WINDOWS\System32\ADVAPI32.dll
0x00007ff8ad130000 - 0x00007ff8ad1d6000 	C:\WINDOWS\System32\sechost.dll
0x00007ff8ab6a0000 - 0x00007ff8ab7b8000 	C:\WINDOWS\System32\RPCRT4.dll
0x00007ff8ac930000 - 0x00007ff8ac9a4000 	C:\WINDOWS\System32\WS2_32.dll
0x00007ff89c750000 - 0x00007ff89c785000 	C:\WINDOWS\SYSTEM32\WINMM.dll
0x00007ff8a9210000 - 0x00007ff8a926e000 	C:\WINDOWS\SYSTEM32\POWRPROF.dll
0x00007ff89f890000 - 0x00007ff89f89b000 	C:\WINDOWS\SYSTEM32\VERSION.dll
0x00007ff8a91f0000 - 0x00007ff8a9204000 	C:\WINDOWS\SYSTEM32\UMPDC.dll
0x00007ff8a94f0000 - 0x00007ff8a950b000 	C:\WINDOWS\SYSTEM32\kernel.appcore.dll
0x00007fff02cf0000 - 0x00007fff02cfa000 	C:\Users\User\AppData\Local\Programs\STM32CubeMX\jre\bin\jimage.dll
0x00007ff8a76b0000 - 0x00007ff8a78f2000 	C:\WINDOWS\SYSTEM32\DBGHELP.DLL
0x00007ff8ab7c0000 - 0x00007ff8abb3b000 	C:\WINDOWS\System32\combase.dll
0x00007ff8ac3c0000 - 0x00007ff8ac497000 	C:\WINDOWS\System32\OLEAUT32.dll
0x00007ff8880c0000 - 0x00007ff8880fd000 	C:\WINDOWS\SYSTEM32\dbgcore.DLL
0x00007ff8aabf0000 - 0x00007ff8aac89000 	C:\WINDOWS\System32\bcryptPrimitives.dll
0x00007fff02c50000 - 0x00007fff02c6f000 	C:\Users\User\AppData\Local\Programs\STM32CubeMX\jre\bin\java.dll
0x00007ff8ac9e0000 - 0x00007ff8ad12d000 	C:\WINDOWS\System32\SHELL32.dll
0x00007ff8aa5f0000 - 0x00007ff8aa75c000 	C:\WINDOWS\System32\wintypes.dll
0x00007ff8a8240000 - 0x00007ff8a8a99000 	C:\WINDOWS\SYSTEM32\windows.storage.dll
0x00007ff8abb90000 - 0x00007ff8abc80000 	C:\WINDOWS\System32\SHCORE.dll
0x00007ff8ab370000 - 0x00007ff8ab3d2000 	C:\WINDOWS\System32\shlwapi.dll
0x00007ff8aa510000 - 0x00007ff8aa539000 	C:\WINDOWS\SYSTEM32\profapi.dll
0x00007ffeef3c0000 - 0x00007ffeef497000 	C:\Users\User\AppData\Local\Programs\STM32CubeMX\jre\bin\jsvml.dll
0x00007ffef59e0000 - 0x00007ffef59f0000 	C:\Users\User\AppData\Local\Programs\STM32CubeMX\jre\bin\net.dll
0x00007ff89f610000 - 0x00007ff89f72f000 	C:\WINDOWS\SYSTEM32\WINHTTP.dll
0x00007ff8a9a70000 - 0x00007ff8a9adb000 	C:\WINDOWS\system32\mswsock.dll
0x00007ffef5980000 - 0x00007ffef5996000 	C:\Users\User\AppData\Local\Programs\STM32CubeMX\jre\bin\nio.dll
0x00007ffef5960000 - 0x00007ffef5978000 	C:\Users\User\AppData\Local\Programs\STM32CubeMX\jre\bin\zip.dll
0x00007ffef5950000 - 0x00007ffef595a000 	C:\Users\User\AppData\Local\Programs\STM32CubeMX\jre\bin\management.dll
0x00007ffef5940000 - 0x00007ffef594b000 	C:\Users\User\AppData\Local\Programs\STM32CubeMX\jre\bin\management_ext.dll
0x00007ff8abd90000 - 0x00007ff8abd98000 	C:\WINDOWS\System32\PSAPI.DLL
0x00007ff86fe50000 - 0x00007ff86fe68000 	C:\WINDOWS\system32\napinsp.dll
0x00007ff8a8fc0000 - 0x00007ff8a90e6000 	C:\WINDOWS\SYSTEM32\DNSAPI.dll
0x00007ff8a8ee0000 - 0x00007ff8a8f14000 	C:\WINDOWS\SYSTEM32\IPHLPAPI.DLL
0x00007ff8ad2b0000 - 0x00007ff8ad2ba000 	C:\WINDOWS\System32\NSI.dll
0x00007ff86fe30000 - 0x00007ff86fe42000 	C:\WINDOWS\System32\winrnr.dll
0x00007ff86fd30000 - 0x00007ff86fd58000 	C:\WINDOWS\system32\nlansp_c.dll
0x00007ff89f8d0000 - 0x00007ff89f8e6000 	C:\WINDOWS\system32\wshbth.dll
0x00007ff8a1840000 - 0x00007ff8a184b000 	C:\Windows\System32\rasadhlp.dll
0x00007ff89fee0000 - 0x00007ff89ff66000 	C:\WINDOWS\System32\fwpuclnt.dll
0x00007ffeef1d0000 - 0x00007ffeef35e000 	C:\Users\User\AppData\Local\Programs\STM32CubeMX\jre\bin\awt.dll
0x00007ff8a7310000 - 0x00007ff8a73ae000 	C:\WINDOWS\SYSTEM32\apphelp.dll
0x00007ff8a9d10000 - 0x00007ff8a9d2b000 	C:\WINDOWS\SYSTEM32\CRYPTSP.dll
0x00007ff8a9450000 - 0x00007ff8a948b000 	C:\WINDOWS\system32\rsaenh.dll
0x00007ff8a9b10000 - 0x00007ff8a9b3b000 	C:\WINDOWS\SYSTEM32\USERENV.dll
0x00007ff8aa4e0000 - 0x00007ff8aa506000 	C:\WINDOWS\SYSTEM32\bcrypt.dll
0x00007ff8a9d30000 - 0x00007ff8a9d3c000 	C:\WINDOWS\SYSTEM32\CRYPTBASE.dll
0x00007ff8a7470000 - 0x00007ff8a7518000 	C:\WINDOWS\system32\uxtheme.dll
0x00007ff8ad2c0000 - 0x00007ff8ad418000 	C:\WINDOWS\System32\MSCTF.dll
0x00007ff8abda0000 - 0x00007ff8abf38000 	C:\WINDOWS\System32\ole32.dll
0x00007ff8a7af0000 - 0x00007ff8a7b1b000 	C:\WINDOWS\system32\DWMAPI.DLL
0x00007ff880240000 - 0x00007ff88034c000 	C:\WINDOWS\system32\opengl32.dll
0x00007ff87f910000 - 0x00007ff87f93d000 	C:\WINDOWS\SYSTEM32\GLU32.dll
0x00007ff8a7b80000 - 0x00007ff8a7bc4000 	C:\WINDOWS\SYSTEM32\dxcore.dll
0x00007ffeef140000 - 0x00007ffeef1c7000 	C:\Users\User\AppData\Local\Programs\STM32CubeMX\jre\bin\freetype.dll
0x00007ffee9750000 - 0x00007ffee9832000 	C:\Users\User\AppData\Local\Programs\STM32CubeMX\jre\bin\fontmanager.dll
0x00007ffef5910000 - 0x00007ffef5920000 	C:\Users\User\AppData\Local\Programs\STM32CubeMX\jre\bin\verify.dll
0x00007ffef5900000 - 0x00007ffef5909000 	C:\Users\User\AppData\Local\Programs\STM32CubeMX\jre\bin\prefs.dll
0x00007ff89f9f0000 - 0x00007ff89f9fe000 	C:\Users\User\AppData\Local\Programs\STM32CubeMX\jre\bin\sunmscapi.dll
0x00007ff8aac90000 - 0x00007ff8aae07000 	C:\WINDOWS\System32\CRYPT32.dll
0x00007ff8a9f30000 - 0x00007ff8a9f60000 	C:\WINDOWS\SYSTEM32\ncrypt.dll
0x00007ff8a9ee0000 - 0x00007ff8a9f1f000 	C:\WINDOWS\SYSTEM32\NTASN1.dll
0x00007ff8a9e40000 - 0x00007ff8a9e53000 	C:\WINDOWS\SYSTEM32\MSASN1.dll
0x00007ff862a40000 - 0x00007ff862ac7000 	C:\WINDOWS\system32\ncryptprov.dll
0x00007ff8a9ae0000 - 0x00007ff8a9b07000 	C:\WINDOWS\SYSTEM32\gpapi.dll
0x00007ff89f9e0000 - 0x00007ff89f9e9000 	C:\Users\User\AppData\Local\Programs\STM32CubeMX\jre\bin\extnet.dll
0x00007ff84d6f0000 - 0x00007ff84d71e000 	C:\Users\User\AppData\Local\Programs\STM32CubeMX\jre\bin\javajpeg.dll
0x00007ff8ac280000 - 0x00007ff8ac331000 	C:\WINDOWS\System32\clbcatq.dll
0x00007ff8a5ad0000 - 0x00007ff8a5cff000 	C:\WINDOWS\SYSTEM32\WindowsCodecs.dll
0x00007ff861e70000 - 0x00007ff861eca000 	C:\WINDOWS\system32\dataexchange.dll
0x00007ff89e480000 - 0x00007ff89e6b9000 	C:\WINDOWS\system32\twinapi.appcore.dll
0x00007ff88be80000 - 0x00007ff88bfc9000 	C:\WINDOWS\SYSTEM32\textinputframework.dll
0x00007fff6f320000 - 0x00007fff6f432000 	C:\Users\User\.stm32cubemx\.jxbrowser-8.5.0\Chromium\toolkit64.dll
0x00007ffef0e70000 - 0x00007ffef0f7c000 	C:\Users\User\.stm32cubemx\.jxbrowser-8.5.0\Chromium\ipc64.dll
0x00007ff8a6f60000 - 0x00007ff8a7085000 	C:\WINDOWS\SYSTEM32\CoreMessaging.dll
0x00007ff89e700000 - 0x00007ff89e9e3000 	C:\WINDOWS\SYSTEM32\CoreUIComponents.dll
0x00007ffeefbd0000 - 0x00007ffeefcca000 	C:\Users\User\AppData\Local\Temp\sqlite-3.49.1.0-f5099c05-2bf8-41c1-b78f-d6679893e059-sqlitejdbc.dll

dbghelp: loaded successfully - version: 4.0.5 - missing functions: none
symbol engine: initialized successfully - sym options: 0x614 - pdb path: .;C:\Users\User\AppData\Local\Programs\STM32CubeMX\jre\bin;C:\WINDOWS\SYSTEM32;C:\WINDOWS\WinSxS\amd64_microsoft.windows.common-controls_6595b64144ccf1df_6.0.26100.5074_none_3e0d6f78e32fd63f;C:\Users\User\AppData\Local\Programs\STM32CubeMX\jre\bin\server;C:\Users\User\.stm32cubemx\.jxbrowser-8.5.0\Chromium;C:\Users\User\AppData\Local\Temp

VM Arguments:
jvm_args: -Djavax.net.ssl.trustStoreType=WINDOWS-ROOT -Dsun.java2d.d3d=false --add-exports=java.desktop/sun.awt=ALL-UNNAMED --add-opens=java.desktop/java.awt=ALL-UNNAMED 
java_command: com.st.microxplorer.maingui.STM32CubeMX C:\Users\User\Desktop\RMX\lab RMX\FRA271_Lab1_Sensors-main\Encoder_reader\Encoder_reader.ioc
java_class_path (initial): C:\Users\User\AppData\Local\Programs\STM32CubeMX\STM32CubeMX.exe;anything
Launcher Type: SUN_STANDARD

[Global flags]
     intx CICompilerCount                          = 12                                        {product} {ergonomic}
     uint ConcGCThreads                            = 5                                         {product} {ergonomic}
     uint G1ConcRefinementThreads                  = 20                                        {product} {ergonomic}
   size_t G1HeapRegionSize                         = 8388608                                   {product} {ergonomic}
    uintx GCDrainStackTargetSize                   = 64                                        {product} {ergonomic}
   size_t InitialHeapSize                          = 1073741824                                {product} {ergonomic}
   size_t MarkStackSize                            = 4194304                                   {product} {ergonomic}
   size_t MaxHeapSize                              = 17104371712                               {product} {ergonomic}
   size_t MaxNewSize                               = 10259267584                               {product} {ergonomic}
   size_t MinHeapDeltaBytes                        = 8388608                                   {product} {ergonomic}
   size_t MinHeapSize                              = 8388608                                   {product} {ergonomic}
    uintx NonNMethodCodeHeapSize                   = 7602480                                {pd product} {ergonomic}
    uintx NonProfiledCodeHeapSize                  = 122027880                              {pd product} {ergonomic}
    uintx ProfiledCodeHeapSize                     = 122027880                              {pd product} {ergonomic}
    uintx ReservedCodeCacheSize                    = 251658240                              {pd product} {ergonomic}
     bool SegmentedCodeCache                       = true                                      {product} {ergonomic}
   size_t SoftMaxHeapSize                          = 17104371712                            {manageable} {ergonomic}
     bool UseCompressedOops                        = true                           {product lp64_product} {ergonomic}
     bool UseG1GC                                  = true                                      {product} {ergonomic}
     bool UseLargePagesIndividualAllocation        = false                                  {pd product} {ergonomic}

Logging:
Log output configuration:
 #0: stdout all=warning uptime,level,tags foldmultilines=false
 #1: stderr all=off uptime,level,tags foldmultilines=false

Environment Variables:
PATH=C:\Users\User\AppData\Local\Programs\STM32CubeMX\;C:\Program Files (x86)\NVIDIA Corporation\PhysX\Common;C:\Program Files\Common Files\Oracle\Java\javapath;C:\WINDOWS\system32;C:\WINDOWS;C:\WINDOWS\System32\Wbem;C:\WINDOWS\System32\WindowsPowerShell\v1.0\;C:\WINDOWS\System32\OpenSSH\;C:\Program Files\NVIDIA Corporation\NVIDIA NvDLISR;C:\Program Files\dotnet\;C:\Program Files\Microsoft SQL Server\Client SDK\ODBC\110\Tools\Binn\;C:\Program Files (x86)\Microsoft SQL Server\120\Tools\Binn\;C:\Program Files\Microsoft SQL Server\120\Tools\Binn\;C:\Program Files\Microsoft SQL Server\120\DTS\Binn\;C:\Program Files (x86)\Windows Kits\8.1\Windows Performance Toolkit\;C:\Program Files\WireGuard\;C:\Program Files\playit_gg\bin\;C:\Users\User\Downloads\mingw64\bin;C:\Program Files\Git\cmd;C:\Program Files\MATLAB\R2025a\runtime\win64;C:\Program Files\MATLAB\R2025a\bin;C:\Users\User\AppData\Local\Microsoft\WindowsApps;C:\Users\User\AppData\Local\Programs\Microsoft VS Code\bin;C:\Users\User\AppData\Local\GitHubDesktop\bin;;C:\Users\User\AppData\Local\Programs\STM32CubeMX\.\jre\\bin
USERNAME=User
OS=Windows_NT
PROCESSOR_IDENTIFIER=Intel64 Family 6 Model 183 Stepping 1, GenuineIntel
TMP=C:\Users\User\AppData\Local\Temp
TEMP=C:\Users\User\AppData\Local\Temp




Periodic native trim disabled

---------------  S Y S T E M  ---------------

OS:
 Windows 11 , 64 bit Build 26100 (10.0.26100.5074)
OS uptime: 2 days 3:01 hours
Hyper-V role detected

CPU: total 28 (initial active 28) (14 cores per cpu, 2 threads per core) family 6 model 183 stepping 1 microcode 0x11f, cx8, cmov, fxsr, ht, mmx, 3dnowpref, sse, sse2, sse3, ssse3, sse4.1, sse4.2, popcnt, lzcnt, tsc, tscinvbit, avx, avx2, aes, erms, clmul, bmi1, bmi2, adx, sha, fma, vzeroupper, clflush, clflushopt, clwb, hv, serialize, rdtscp, rdpid, fsrm, f16c, cet_ibt, cet_ss
Processor Information for processor 0
  Max Mhz: 2100, Current Mhz: 2100, Mhz Limit: 2100
Processor Information for processor 1
  Max Mhz: 2100, Current Mhz: 2100, Mhz Limit: 2100
Processor Information for processor 2
  Max Mhz: 2100, Current Mhz: 2100, Mhz Limit: 2100
Processor Information for processor 3
  Max Mhz: 2100, Current Mhz: 2100, Mhz Limit: 2100
Processor Information for processor 4
  Max Mhz: 2100, Current Mhz: 2100, Mhz Limit: 2100
Processor Information for processor 5
  Max Mhz: 2100, Current Mhz: 1453, Mhz Limit: 2100
Processor Information for processor 6
  Max Mhz: 2100, Current Mhz: 2100, Mhz Limit: 2100
Processor Information for processor 7
  Max Mhz: 2100, Current Mhz: 2100, Mhz Limit: 2100
Processor Information for processor 8
  Max Mhz: 2100, Current Mhz: 1453, Mhz Limit: 2100
Processor Information for processor 9
  Max Mhz: 2100, Current Mhz: 2100, Mhz Limit: 2100
Processor Information for processor 10
  Max Mhz: 2100, Current Mhz: 2100, Mhz Limit: 2100
Processor Information for processor 11
  Max Mhz: 2100, Current Mhz: 2100, Mhz Limit: 2100
Processor Information for processor 12
  Max Mhz: 2100, Current Mhz: 2100, Mhz Limit: 2100
Processor Information for processor 13
  Max Mhz: 2100, Current Mhz: 1453, Mhz Limit: 2100
Processor Information for processor 14
  Max Mhz: 2100, Current Mhz: 2100, Mhz Limit: 2100
Processor Information for processor 15
  Max Mhz: 2100, Current Mhz: 2100, Mhz Limit: 2100
Processor Information for processor 16
  Max Mhz: 2100, Current Mhz: 1500, Mhz Limit: 1491
Processor Information for processor 17
  Max Mhz: 2100, Current Mhz: 1500, Mhz Limit: 1491
Processor Information for processor 18
  Max Mhz: 2100, Current Mhz: 1500, Mhz Limit: 1491
Processor Information for processor 19
  Max Mhz: 2100, Current Mhz: 1500, Mhz Limit: 1491
Processor Information for processor 20
  Max Mhz: 2100, Current Mhz: 1500, Mhz Limit: 1491
Processor Information for processor 21
  Max Mhz: 2100, Current Mhz: 1500, Mhz Limit: 1491
Processor Information for processor 22
  Max Mhz: 2100, Current Mhz: 1500, Mhz Limit: 1491
Processor Information for processor 23
  Max Mhz: 2100, Current Mhz: 1500, Mhz Limit: 1491
Processor Information for processor 24
  Max Mhz: 2100, Current Mhz: 1500, Mhz Limit: 1491
Processor Information for processor 25
  Max Mhz: 2100, Current Mhz: 1500, Mhz Limit: 1491
Processor Information for processor 26
  Max Mhz: 2100, Current Mhz: 1500, Mhz Limit: 1491
Processor Information for processor 27
  Max Mhz: 2100, Current Mhz: 1500, Mhz Limit: 1491

Memory: 4k page, system-wide physical 65240M (42853M free)
TotalPageFile size 69336M (AvailPageFile size 42000M)
current process WorkingSet (physical memory assigned to process): 1534M, peak: 1534M
current process commit charge ("private bytes"): 1917M, peak: 1925M

vm_info: OpenJDK 64-Bit Server VM (21.0.3+9-LTS) for windows-amd64 JRE (21.0.3+9-LTS), built on 2024-04-16T00:00:00Z by "admin" with MS VC++ 17.7 (VS2022)

END.
